Removed Pin From Net: NetName=GND Pin=C1-1
Removed Pin From Net: NetName=GND Pin=C2-1
Removed Pin From Net: NetName=GND Pin=C3-1
Removed Pin From Net: NetName=GND Pin=C4-1
Removed Pin From Net: NetName=GND Pin=C5-1
Removed Pin From Net: NetName=GND Pin=C6-1
Removed Pin From Net: NetName=GND Pin=C7-1
Removed Pin From Net: NetName=GND Pin=C8-1
Removed Pin From Net: NetName=GND Pin=C9-2
Removed Pin From Net: NetName=GND Pin=C10-2
Removed Pin From Net: NetName=GND Pin=C11-2
Removed Pin From Net: NetName=GND Pin=C12-2
Removed Pin From Net: NetName=GND Pin=C13-2
Removed Pin From Net: NetName=GND Pin=C14-2
Removed Pin From Net: NetName=GND Pin=C15-2
Removed Pin From Net: NetName=GND Pin=C16-2
Removed Pin From Net: NetName=GND Pin=C17-1
Removed Pin From Net: NetName=GND Pin=C18-1
Removed Pin From Net: NetName=GND Pin=C19-1
Removed Pin From Net: NetName=GND Pin=H1-7
Removed Pin From Net: NetName=GND Pin=H2-7
Removed Pin From Net: NetName=GND Pin=J1-10
Removed Pin From Net: NetName=GND Pin=P1-2
Removed Pin From Net: NetName=GND Pin=S1-2
Removed Pin From Net: NetName=GND Pin=S2-2
Removed Pin From Net: NetName=GND Pin=S3-2
Removed Pin From Net: NetName=GND Pin=S4-2
Removed Pin From Net: NetName=GND Pin=S5-2
Removed Pin From Net: NetName=GND Pin=S6-2
Removed Pin From Net: NetName=GND Pin=S7-2
Removed Pin From Net: NetName=GND Pin=S8-2
Removed Pin From Net: NetName=GND Pin=S9-2
Removed Pin From Net: NetName=GND Pin=S10-2
Removed Pin From Net: NetName=GND Pin=S11-2
Removed Pin From Net: NetName=GND Pin=S12-2
Removed Pin From Net: NetName=GND Pin=S13-2
Removed Pin From Net: NetName=GND Pin=S14-2
Removed Pin From Net: NetName=GND Pin=S15-2
Removed Pin From Net: NetName=GND Pin=S16-2
Change Net Name : Old Net Name=GND New Net Name=Vcc
Added Pin To Net: NetName=GND Pin=C1-1
Added Pin To Net: NetName=GND Pin=C2-1
Added Pin To Net: NetName=GND Pin=C3-1
Added Pin To Net: NetName=GND Pin=C4-1
Added Pin To Net: NetName=GND Pin=C5-1
Added Pin To Net: NetName=GND Pin=C6-1
Added Pin To Net: NetName=GND Pin=C7-1
Added Pin To Net: NetName=GND Pin=C8-1
Added Pin To Net: NetName=GND Pin=C9-2
Added Pin To Net: NetName=GND Pin=C10-2
Added Pin To Net: NetName=GND Pin=C11-2
Added Pin To Net: NetName=GND Pin=C12-2
Added Pin To Net: NetName=GND Pin=C13-2
Added Pin To Net: NetName=GND Pin=C14-2
Added Pin To Net: NetName=GND Pin=C15-2
Added Pin To Net: NetName=GND Pin=C16-2
Added Pin To Net: NetName=GND Pin=C17-1
Added Pin To Net: NetName=GND Pin=C18-1
Added Pin To Net: NetName=GND Pin=C19-1
Added Pin To Net: NetName=GND Pin=H1-7
Added Pin To Net: NetName=GND Pin=H2-7
Added Pin To Net: NetName=GND Pin=J1-10
Added Pin To Net: NetName=GND Pin=P1-2
Added Pin To Net: NetName=GND Pin=S1-2
Added Pin To Net: NetName=GND Pin=S2-2
Added Pin To Net: NetName=GND Pin=S3-2
Added Pin To Net: NetName=GND Pin=S4-2
Added Pin To Net: NetName=GND Pin=S5-2
Added Pin To Net: NetName=GND Pin=S6-2
Added Pin To Net: NetName=GND Pin=S7-2
Added Pin To Net: NetName=GND Pin=S8-2
Added Pin To Net: NetName=GND Pin=S9-2
Added Pin To Net: NetName=GND Pin=S10-2
Added Pin To Net: NetName=GND Pin=S11-2
Added Pin To Net: NetName=GND Pin=S12-2
Added Pin To Net: NetName=GND Pin=S13-2
Added Pin To Net: NetName=GND Pin=S14-2
Added Pin To Net: NetName=GND Pin=S15-2
Added Pin To Net: NetName=GND Pin=S16-2
Added Net: Name=GND
