ARM GAS  C:\Users\ekatr\AppData\Local\Temp\ccgdktsl.s 			page 1


   1              		.syntax unified
   2              		.cpu cortex-m3
   3              		.fpu softvfp
   4              		.eabi_attribute 20, 1
   5              		.eabi_attribute 21, 1
   6              		.eabi_attribute 23, 3
   7              		.eabi_attribute 24, 1
   8              		.eabi_attribute 25, 1
   9              		.eabi_attribute 26, 1
  10              		.eabi_attribute 30, 1
  11              		.eabi_attribute 34, 1
  12              		.eabi_attribute 18, 4
  13              		.thumb
  14              		.syntax unified
  15              		.file	"cymetadata.c"
  16              		.text
  17              	.Ltext0:
  18              		.cfi_sections	.debug_frame
  19              		.global	cy_metadata
  20              		.global	cy_meta_flashprotect
  21              		.global	cy_meta_wonvl
  22              		.global	cy_meta_custnvl
  23              		.global	cy_meta_configecc
  24              		.section	.cyconfigecc,"a",%progbits
  25              		.align	2
  26              		.type	cy_meta_configecc, %object
  27              		.size	cy_meta_configecc, 2296
  28              	cy_meta_configecc:
  29 0000 05       		.byte	5
  30 0001 52       		.byte	82
  31 0002 00       		.byte	0
  32 0003 40       		.byte	64
  33 0004 09       		.byte	9
  34 0005 64       		.byte	100
  35 0006 00       		.byte	0
  36 0007 40       		.byte	64
  37 0008 01       		.byte	1
  38 0009 65       		.byte	101
  39 000a 00       		.byte	0
  40 000b 40       		.byte	64
  41 000c 01       		.byte	1
  42 000d 01       		.byte	1
  43 000e 01       		.byte	1
  44 000f 40       		.byte	64
  45 0010 4E       		.byte	78
  46 0011 02       		.byte	2
  47 0012 01       		.byte	1
  48 0013 40       		.byte	64
  49 0014 2C       		.byte	44
  50 0015 03       		.byte	3
  51 0016 01       		.byte	1
  52 0017 40       		.byte	64
  53 0018 4C       		.byte	76
  54 0019 04       		.byte	4
  55 001a 01       		.byte	1
  56 001b 40       		.byte	64
  57 001c 2B       		.byte	43
ARM GAS  C:\Users\ekatr\AppData\Local\Temp\ccgdktsl.s 			page 2


  58 001d 05       		.byte	5
  59 001e 01       		.byte	1
  60 001f 40       		.byte	64
  61 0020 42       		.byte	66
  62 0021 06       		.byte	6
  63 0022 01       		.byte	1
  64 0023 40       		.byte	64
  65 0024 20       		.byte	32
  66 0025 07       		.byte	7
  67 0026 01       		.byte	1
  68 0027 40       		.byte	64
  69 0028 44       		.byte	68
  70 0029 08       		.byte	8
  71 002a 01       		.byte	1
  72 002b 40       		.byte	64
  73 002c 3E       		.byte	62
  74 002d 09       		.byte	9
  75 002e 01       		.byte	1
  76 002f 40       		.byte	64
  77 0030 60       		.byte	96
  78 0031 0A       		.byte	10
  79 0032 01       		.byte	1
  80 0033 40       		.byte	64
  81 0034 4B       		.byte	75
  82 0035 0B       		.byte	11
  83 0036 01       		.byte	1
  84 0037 40       		.byte	64
  85 0038 41       		.byte	65
  86 0039 0C       		.byte	12
  87 003a 01       		.byte	1
  88 003b 40       		.byte	64
  89 003c 3D       		.byte	61
  90 003d 0D       		.byte	13
  91 003e 01       		.byte	1
  92 003f 40       		.byte	64
  93 0040 46       		.byte	70
  94 0041 0E       		.byte	14
  95 0042 01       		.byte	1
  96 0043 40       		.byte	64
  97 0044 35       		.byte	53
  98 0045 0F       		.byte	15
  99 0046 01       		.byte	1
 100 0047 40       		.byte	64
 101 0048 35       		.byte	53
 102 0049 19       		.byte	25
 103 004a 01       		.byte	1
 104 004b 40       		.byte	64
 105 004c 02       		.byte	2
 106 004d 1B       		.byte	27
 107 004e 01       		.byte	1
 108 004f 40       		.byte	64
 109 0050 04       		.byte	4
 110 0051 40       		.byte	64
 111 0052 01       		.byte	1
 112 0053 40       		.byte	64
 113 0054 08       		.byte	8
 114 0055 41       		.byte	65
ARM GAS  C:\Users\ekatr\AppData\Local\Temp\ccgdktsl.s 			page 3


 115 0056 01       		.byte	1
 116 0057 40       		.byte	64
 117 0058 04       		.byte	4
 118 0059 42       		.byte	66
 119 005a 01       		.byte	1
 120 005b 40       		.byte	64
 121 005c 02       		.byte	2
 122 005d 43       		.byte	67
 123 005e 01       		.byte	1
 124 005f 40       		.byte	64
 125 0060 02       		.byte	2
 126 0061 44       		.byte	68
 127 0062 01       		.byte	1
 128 0063 40       		.byte	64
 129 0064 07       		.byte	7
 130 0065 45       		.byte	69
 131 0066 01       		.byte	1
 132 0067 40       		.byte	64
 133 0068 06       		.byte	6
 134 0069 46       		.byte	70
 135 006a 01       		.byte	1
 136 006b 40       		.byte	64
 137 006c 04       		.byte	4
 138 006d 4D       		.byte	77
 139 006e 01       		.byte	1
 140 006f 40       		.byte	64
 141 0070 07       		.byte	7
 142 0071 50       		.byte	80
 143 0072 01       		.byte	1
 144 0073 40       		.byte	64
 145 0074 01       		.byte	1
 146 0075 51       		.byte	81
 147 0076 01       		.byte	1
 148 0077 40       		.byte	64
 149 0078 00       		.byte	0
 150 0079 18       		.byte	24
 151 007a 01       		.byte	1
 152 007b 1C       		.byte	28
 153 007c 10       		.byte	16
 154 007d 01       		.byte	1
 155 007e 11       		.byte	17
 156 007f 01       		.byte	1
 157 0080 64       		.byte	100
 158 0081 40       		.byte	64
 159 0082 82       		.byte	-126
 160 0083 0D       		.byte	13
 161 0084 84       		.byte	-124
 162 0085 0D       		.byte	13
 163 0086 85       		.byte	-123
 164 0087 0D       		.byte	13
 165 0088 87       		.byte	-121
 166 0089 0D       		.byte	13
 167 008a 88       		.byte	-120
 168 008b 0F       		.byte	15
 169 008c 89       		.byte	-119
 170 008d 38       		.byte	56
 171 008e 8C       		.byte	-116
ARM GAS  C:\Users\ekatr\AppData\Local\Temp\ccgdktsl.s 			page 4


 172 008f 47       		.byte	71
 173 0090 8D       		.byte	-115
 174 0091 07       		.byte	7
 175 0092 8F       		.byte	-113
 176 0093 78       		.byte	120
 177 0094 89       		.byte	-119
 178 0095 72       		.byte	114
 179 0096 E6       		.byte	-26
 180 0097 04       		.byte	4
 181 0098 02       		.byte	2
 182 0099 01       		.byte	1
 183 009a 0D       		.byte	13
 184 009b 01       		.byte	1
 185 009c 16       		.byte	22
 186 009d 02       		.byte	2
 187 009e 17       		.byte	23
 188 009f 02       		.byte	2
 189 00a0 1F       		.byte	31
 190 00a1 01       		.byte	1
 191 00a2 2A       		.byte	42
 192 00a3 02       		.byte	2
 193 00a4 2E       		.byte	46
 194 00a5 04       		.byte	4
 195 00a6 2F       		.byte	47
 196 00a7 02       		.byte	2
 197 00a8 30       		.byte	48
 198 00a9 04       		.byte	4
 199 00aa 31       		.byte	49
 200 00ab 01       		.byte	1
 201 00ac 32       		.byte	50
 202 00ad 01       		.byte	1
 203 00ae 33       		.byte	51
 204 00af 02       		.byte	2
 205 00b0 34       		.byte	52
 206 00b1 02       		.byte	2
 207 00b2 3E       		.byte	62
 208 00b3 10       		.byte	16
 209 00b4 40       		.byte	64
 210 00b5 30       		.byte	48
 211 00b6 41       		.byte	65
 212 00b7 06       		.byte	6
 213 00b8 49       		.byte	73
 214 00b9 FF       		.byte	-1
 215 00ba 4A       		.byte	74
 216 00bb FF       		.byte	-1
 217 00bc 4B       		.byte	75
 218 00bd FF       		.byte	-1
 219 00be 4D       		.byte	77
 220 00bf A0       		.byte	-96
 221 00c0 4F       		.byte	79
 222 00c1 04       		.byte	4
 223 00c2 50       		.byte	80
 224 00c3 18       		.byte	24
 225 00c4 52       		.byte	82
 226 00c5 80       		.byte	-128
 227 00c6 54       		.byte	84
 228 00c7 05       		.byte	5
ARM GAS  C:\Users\ekatr\AppData\Local\Temp\ccgdktsl.s 			page 5


 229 00c8 58       		.byte	88
 230 00c9 04       		.byte	4
 231 00ca 59       		.byte	89
 232 00cb 04       		.byte	4
 233 00cc 5A       		.byte	90
 234 00cd 04       		.byte	4
 235 00ce 5B       		.byte	91
 236 00cf 04       		.byte	4
 237 00d0 5C       		.byte	92
 238 00d1 11       		.byte	17
 239 00d2 5D       		.byte	93
 240 00d3 11       		.byte	17
 241 00d4 5F       		.byte	95
 242 00d5 01       		.byte	1
 243 00d6 60       		.byte	96
 244 00d7 40       		.byte	64
 245 00d8 62       		.byte	98
 246 00d9 C0       		.byte	-64
 247 00da 64       		.byte	100
 248 00db 40       		.byte	64
 249 00dc 65       		.byte	101
 250 00dd 40       		.byte	64
 251 00de 66       		.byte	102
 252 00df C0       		.byte	-64
 253 00e0 68       		.byte	104
 254 00e1 C0       		.byte	-64
 255 00e2 6A       		.byte	106
 256 00e3 C0       		.byte	-64
 257 00e4 6C       		.byte	108
 258 00e5 C0       		.byte	-64
 259 00e6 6E       		.byte	110
 260 00e7 C0       		.byte	-64
 261 00e8 83       		.byte	-125
 262 00e9 02       		.byte	2
 263 00ea 93       		.byte	-109
 264 00eb 01       		.byte	1
 265 00ec 96       		.byte	-106
 266 00ed 01       		.byte	1
 267 00ee A2       		.byte	-94
 268 00ef 01       		.byte	1
 269 00f0 A7       		.byte	-89
 270 00f1 01       		.byte	1
 271 00f2 B0       		.byte	-80
 272 00f3 01       		.byte	1
 273 00f4 B1       		.byte	-79
 274 00f5 02       		.byte	2
 275 00f6 B3       		.byte	-77
 276 00f7 01       		.byte	1
 277 00f8 C0       		.byte	-64
 278 00f9 30       		.byte	48
 279 00fa C1       		.byte	-63
 280 00fb 06       		.byte	6
 281 00fc C5       		.byte	-59
 282 00fd D0       		.byte	-48
 283 00fe C6       		.byte	-58
 284 00ff 01       		.byte	1
 285 0100 C7       		.byte	-57
ARM GAS  C:\Users\ekatr\AppData\Local\Temp\ccgdktsl.s 			page 6


 286 0101 02       		.byte	2
 287 0102 C8       		.byte	-56
 288 0103 16       		.byte	22
 289 0104 C9       		.byte	-55
 290 0105 FF       		.byte	-1
 291 0106 CA       		.byte	-54
 292 0107 FF       		.byte	-1
 293 0108 CB       		.byte	-53
 294 0109 FF       		.byte	-1
 295 010a CD       		.byte	-51
 296 010b AF       		.byte	-81
 297 010c CE       		.byte	-50
 298 010d 0F       		.byte	15
 299 010e CF       		.byte	-49
 300 010f 04       		.byte	4
 301 0110 D0       		.byte	-48
 302 0111 18       		.byte	24
 303 0112 D2       		.byte	-46
 304 0113 80       		.byte	-128
 305 0114 D8       		.byte	-40
 306 0115 04       		.byte	4
 307 0116 D9       		.byte	-39
 308 0117 04       		.byte	4
 309 0118 DA       		.byte	-38
 310 0119 04       		.byte	4
 311 011a DB       		.byte	-37
 312 011b 04       		.byte	4
 313 011c DC       		.byte	-36
 314 011d 11       		.byte	17
 315 011e DD       		.byte	-35
 316 011f 11       		.byte	17
 317 0120 DF       		.byte	-33
 318 0121 01       		.byte	1
 319 0122 E0       		.byte	-32
 320 0123 40       		.byte	64
 321 0124 E2       		.byte	-30
 322 0125 C0       		.byte	-64
 323 0126 E4       		.byte	-28
 324 0127 40       		.byte	64
 325 0128 E5       		.byte	-27
 326 0129 40       		.byte	64
 327 012a E6       		.byte	-26
 328 012b C0       		.byte	-64
 329 012c E8       		.byte	-24
 330 012d C0       		.byte	-64
 331 012e EA       		.byte	-22
 332 012f C0       		.byte	-64
 333 0130 EC       		.byte	-20
 334 0131 C0       		.byte	-64
 335 0132 EE       		.byte	-18
 336 0133 C0       		.byte	-64
 337 0134 06       		.byte	6
 338 0135 40       		.byte	64
 339 0136 09       		.byte	9
 340 0137 08       		.byte	8
 341 0138 0D       		.byte	13
 342 0139 08       		.byte	8
ARM GAS  C:\Users\ekatr\AppData\Local\Temp\ccgdktsl.s 			page 7


 343 013a 10       		.byte	16
 344 013b 80       		.byte	-128
 345 013c 15       		.byte	21
 346 013d 80       		.byte	-128
 347 013e 16       		.byte	22
 348 013f 04       		.byte	4
 349 0140 17       		.byte	23
 350 0141 40       		.byte	64
 351 0142 1B       		.byte	27
 352 0143 01       		.byte	1
 353 0144 1D       		.byte	29
 354 0145 08       		.byte	8
 355 0146 1E       		.byte	30
 356 0147 48       		.byte	72
 357 0148 21       		.byte	33
 358 0149 06       		.byte	6
 359 014a 27       		.byte	39
 360 014b A0       		.byte	-96
 361 014c 28       		.byte	40
 362 014d 20       		.byte	32
 363 014e 2F       		.byte	47
 364 014f 02       		.byte	2
 365 0150 31       		.byte	49
 366 0151 02       		.byte	2
 367 0152 35       		.byte	53
 368 0153 04       		.byte	4
 369 0154 37       		.byte	55
 370 0155 40       		.byte	64
 371 0156 38       		.byte	56
 372 0157 02       		.byte	2
 373 0158 3E       		.byte	62
 374 0159 40       		.byte	64
 375 015a 41       		.byte	65
 376 015b 08       		.byte	8
 377 015c 45       		.byte	69
 378 015d 08       		.byte	8
 379 015e 49       		.byte	73
 380 015f 02       		.byte	2
 381 0160 4A       		.byte	74
 382 0161 08       		.byte	8
 383 0162 4E       		.byte	78
 384 0163 08       		.byte	8
 385 0164 50       		.byte	80
 386 0165 80       		.byte	-128
 387 0166 51       		.byte	81
 388 0167 40       		.byte	64
 389 0168 52       		.byte	82
 390 0169 0C       		.byte	12
 391 016a 5D       		.byte	93
 392 016b 02       		.byte	2
 393 016c 5E       		.byte	94
 394 016d 08       		.byte	8
 395 016e 5F       		.byte	95
 396 016f 80       		.byte	-128
 397 0170 70       		.byte	112
 398 0171 01       		.byte	1
 399 0172 76       		.byte	118
ARM GAS  C:\Users\ekatr\AppData\Local\Temp\ccgdktsl.s 			page 8


 400 0173 40       		.byte	64
 401 0174 83       		.byte	-125
 402 0175 20       		.byte	32
 403 0176 85       		.byte	-123
 404 0177 02       		.byte	2
 405 0178 C0       		.byte	-64
 406 0179 10       		.byte	16
 407 017a C2       		.byte	-62
 408 017b 24       		.byte	36
 409 017c C4       		.byte	-60
 410 017d C8       		.byte	-56
 411 017e CA       		.byte	-54
 412 017f 12       		.byte	18
 413 0180 CC       		.byte	-52
 414 0181 51       		.byte	81
 415 0182 CE       		.byte	-50
 416 0183 11       		.byte	17
 417 0184 D0       		.byte	-48
 418 0185 42       		.byte	66
 419 0186 D2       		.byte	-46
 420 0187 24       		.byte	36
 421 0188 D6       		.byte	-42
 422 0189 D0       		.byte	-48
 423 018a E0       		.byte	-32
 424 018b 02       		.byte	2
 425 018c 03       		.byte	3
 426 018d 01       		.byte	1
 427 018e 0A       		.byte	10
 428 018f 01       		.byte	1
 429 0190 12       		.byte	18
 430 0191 01       		.byte	1
 431 0192 1A       		.byte	26
 432 0193 02       		.byte	2
 433 0194 2D       		.byte	45
 434 0195 01       		.byte	1
 435 0196 34       		.byte	52
 436 0197 01       		.byte	1
 437 0198 36       		.byte	54
 438 0199 02       		.byte	2
 439 019a 37       		.byte	55
 440 019b 01       		.byte	1
 441 019c 3E       		.byte	62
 442 019d 10       		.byte	16
 443 019e 40       		.byte	64
 444 019f 30       		.byte	48
 445 01a0 41       		.byte	65
 446 01a1 02       		.byte	2
 447 01a2 49       		.byte	73
 448 01a3 FF       		.byte	-1
 449 01a4 4A       		.byte	74
 450 01a5 FF       		.byte	-1
 451 01a6 4B       		.byte	75
 452 01a7 FF       		.byte	-1
 453 01a8 4D       		.byte	77
 454 01a9 A0       		.byte	-96
 455 01aa 4F       		.byte	79
 456 01ab 04       		.byte	4
ARM GAS  C:\Users\ekatr\AppData\Local\Temp\ccgdktsl.s 			page 9


 457 01ac 50       		.byte	80
 458 01ad 18       		.byte	24
 459 01ae 54       		.byte	84
 460 01af 05       		.byte	5
 461 01b0 58       		.byte	88
 462 01b1 04       		.byte	4
 463 01b2 59       		.byte	89
 464 01b3 04       		.byte	4
 465 01b4 5A       		.byte	90
 466 01b5 04       		.byte	4
 467 01b6 5B       		.byte	91
 468 01b7 04       		.byte	4
 469 01b8 5C       		.byte	92
 470 01b9 11       		.byte	17
 471 01ba 5D       		.byte	93
 472 01bb 11       		.byte	17
 473 01bc 5F       		.byte	95
 474 01bd 01       		.byte	1
 475 01be 60       		.byte	96
 476 01bf 40       		.byte	64
 477 01c0 62       		.byte	98
 478 01c1 C0       		.byte	-64
 479 01c2 64       		.byte	100
 480 01c3 40       		.byte	64
 481 01c4 65       		.byte	101
 482 01c5 40       		.byte	64
 483 01c6 66       		.byte	102
 484 01c7 C0       		.byte	-64
 485 01c8 68       		.byte	104
 486 01c9 C0       		.byte	-64
 487 01ca 6A       		.byte	106
 488 01cb C0       		.byte	-64
 489 01cc 6C       		.byte	108
 490 01cd C0       		.byte	-64
 491 01ce 6E       		.byte	110
 492 01cf C0       		.byte	-64
 493 01d0 83       		.byte	-125
 494 01d1 01       		.byte	1
 495 01d2 86       		.byte	-122
 496 01d3 02       		.byte	2
 497 01d4 96       		.byte	-106
 498 01d5 02       		.byte	2
 499 01d6 9E       		.byte	-98
 500 01d7 04       		.byte	4
 501 01d8 AD       		.byte	-83
 502 01d9 01       		.byte	1
 503 01da AE       		.byte	-82
 504 01db 01       		.byte	1
 505 01dc B0       		.byte	-80
 506 01dd 04       		.byte	4
 507 01de B2       		.byte	-78
 508 01df 01       		.byte	1
 509 01e0 B4       		.byte	-76
 510 01e1 02       		.byte	2
 511 01e2 B7       		.byte	-73
 512 01e3 01       		.byte	1
 513 01e4 BE       		.byte	-66
ARM GAS  C:\Users\ekatr\AppData\Local\Temp\ccgdktsl.s 			page 10


 514 01e5 10       		.byte	16
 515 01e6 C0       		.byte	-64
 516 01e7 30       		.byte	48
 517 01e8 C1       		.byte	-63
 518 01e9 02       		.byte	2
 519 01ea C5       		.byte	-59
 520 01eb D0       		.byte	-48
 521 01ec C6       		.byte	-58
 522 01ed 20       		.byte	32
 523 01ee C7       		.byte	-57
 524 01ef 10       		.byte	16
 525 01f0 C8       		.byte	-56
 526 01f1 2A       		.byte	42
 527 01f2 C9       		.byte	-55
 528 01f3 FF       		.byte	-1
 529 01f4 CA       		.byte	-54
 530 01f5 FF       		.byte	-1
 531 01f6 CB       		.byte	-53
 532 01f7 FF       		.byte	-1
 533 01f8 CD       		.byte	-51
 534 01f9 AF       		.byte	-81
 535 01fa CE       		.byte	-50
 536 01fb 0F       		.byte	15
 537 01fc CF       		.byte	-49
 538 01fd 04       		.byte	4
 539 01fe D0       		.byte	-48
 540 01ff 18       		.byte	24
 541 0200 D2       		.byte	-46
 542 0201 80       		.byte	-128
 543 0202 D4       		.byte	-44
 544 0203 05       		.byte	5
 545 0204 D8       		.byte	-40
 546 0205 04       		.byte	4
 547 0206 D9       		.byte	-39
 548 0207 04       		.byte	4
 549 0208 DA       		.byte	-38
 550 0209 04       		.byte	4
 551 020a DB       		.byte	-37
 552 020b 04       		.byte	4
 553 020c DC       		.byte	-36
 554 020d 11       		.byte	17
 555 020e DD       		.byte	-35
 556 020f 11       		.byte	17
 557 0210 DF       		.byte	-33
 558 0211 01       		.byte	1
 559 0212 E0       		.byte	-32
 560 0213 40       		.byte	64
 561 0214 E2       		.byte	-30
 562 0215 C0       		.byte	-64
 563 0216 E4       		.byte	-28
 564 0217 40       		.byte	64
 565 0218 E5       		.byte	-27
 566 0219 40       		.byte	64
 567 021a E6       		.byte	-26
 568 021b C0       		.byte	-64
 569 021c E8       		.byte	-24
 570 021d C0       		.byte	-64
ARM GAS  C:\Users\ekatr\AppData\Local\Temp\ccgdktsl.s 			page 11


 571 021e EA       		.byte	-22
 572 021f C0       		.byte	-64
 573 0220 EC       		.byte	-20
 574 0221 C0       		.byte	-64
 575 0222 EE       		.byte	-18
 576 0223 C0       		.byte	-64
 577 0224 00       		.byte	0
 578 0225 10       		.byte	16
 579 0226 05       		.byte	5
 580 0227 04       		.byte	4
 581 0228 08       		.byte	8
 582 0229 20       		.byte	32
 583 022a 09       		.byte	9
 584 022b 02       		.byte	2
 585 022c 0F       		.byte	15
 586 022d 22       		.byte	34
 587 022e 17       		.byte	23
 588 022f 40       		.byte	64
 589 0230 19       		.byte	25
 590 0231 40       		.byte	64
 591 0232 1A       		.byte	26
 592 0233 04       		.byte	4
 593 0234 1D       		.byte	29
 594 0235 0C       		.byte	12
 595 0236 1E       		.byte	30
 596 0237 48       		.byte	72
 597 0238 22       		.byte	34
 598 0239 40       		.byte	64
 599 023a 26       		.byte	38
 600 023b 40       		.byte	64
 601 023c 29       		.byte	41
 602 023d 40       		.byte	64
 603 023e 2E       		.byte	46
 604 023f 40       		.byte	64
 605 0240 3A       		.byte	58
 606 0241 02       		.byte	2
 607 0242 3F       		.byte	63
 608 0243 02       		.byte	2
 609 0244 41       		.byte	65
 610 0245 28       		.byte	40
 611 0246 45       		.byte	69
 612 0247 28       		.byte	40
 613 0248 4F       		.byte	79
 614 0249 01       		.byte	1
 615 024a 55       		.byte	85
 616 024b 20       		.byte	32
 617 024c 57       		.byte	87
 618 024d 13       		.byte	19
 619 024e 5A       		.byte	90
 620 024f 84       		.byte	-124
 621 0250 5B       		.byte	91
 622 0251 02       		.byte	2
 623 0252 5E       		.byte	94
 624 0253 88       		.byte	-120
 625 0254 5F       		.byte	95
 626 0255 01       		.byte	1
 627 0256 77       		.byte	119
ARM GAS  C:\Users\ekatr\AppData\Local\Temp\ccgdktsl.s 			page 12


 628 0257 40       		.byte	64
 629 0258 88       		.byte	-120
 630 0259 20       		.byte	32
 631 025a 8A       		.byte	-118
 632 025b 02       		.byte	2
 633 025c 8B       		.byte	-117
 634 025d 02       		.byte	2
 635 025e 9C       		.byte	-100
 636 025f 20       		.byte	32
 637 0260 9D       		.byte	-99
 638 0261 04       		.byte	4
 639 0262 A1       		.byte	-95
 640 0263 02       		.byte	2
 641 0264 A7       		.byte	-89
 642 0265 02       		.byte	2
 643 0266 AF       		.byte	-81
 644 0267 01       		.byte	1
 645 0268 B1       		.byte	-79
 646 0269 04       		.byte	4
 647 026a C0       		.byte	-64
 648 026b 22       		.byte	34
 649 026c C2       		.byte	-62
 650 026d AA       		.byte	-86
 651 026e C4       		.byte	-60
 652 026f 80       		.byte	-128
 653 0270 CA       		.byte	-54
 654 0271 18       		.byte	24
 655 0272 CE       		.byte	-50
 656 0273 81       		.byte	-127
 657 0274 D0       		.byte	-48
 658 0275 66       		.byte	102
 659 0276 D6       		.byte	-42
 660 0277 DB       		.byte	-37
 661 0278 EE       		.byte	-18
 662 0279 80       		.byte	-128
 663 027a 16       		.byte	22
 664 027b 01       		.byte	1
 665 027c 1A       		.byte	26
 666 027d 01       		.byte	1
 667 027e 32       		.byte	50
 668 027f 01       		.byte	1
 669 0280 40       		.byte	64
 670 0281 60       		.byte	96
 671 0282 41       		.byte	65
 672 0283 03       		.byte	3
 673 0284 49       		.byte	73
 674 0285 FF       		.byte	-1
 675 0286 4A       		.byte	74
 676 0287 FF       		.byte	-1
 677 0288 4B       		.byte	75
 678 0289 FF       		.byte	-1
 679 028a 4D       		.byte	77
 680 028b A0       		.byte	-96
 681 028c 4F       		.byte	79
 682 028d 04       		.byte	4
 683 028e 50       		.byte	80
 684 028f 18       		.byte	24
ARM GAS  C:\Users\ekatr\AppData\Local\Temp\ccgdktsl.s 			page 13


 685 0290 58       		.byte	88
 686 0291 04       		.byte	4
 687 0292 5A       		.byte	90
 688 0293 04       		.byte	4
 689 0294 5C       		.byte	92
 690 0295 01       		.byte	1
 691 0296 5D       		.byte	93
 692 0297 01       		.byte	1
 693 0298 5F       		.byte	95
 694 0299 01       		.byte	1
 695 029a 60       		.byte	96
 696 029b 40       		.byte	64
 697 029c 62       		.byte	98
 698 029d C0       		.byte	-64
 699 029e 64       		.byte	100
 700 029f 40       		.byte	64
 701 02a0 65       		.byte	101
 702 02a1 40       		.byte	64
 703 02a2 66       		.byte	102
 704 02a3 C0       		.byte	-64
 705 02a4 68       		.byte	104
 706 02a5 C0       		.byte	-64
 707 02a6 6A       		.byte	106
 708 02a7 C0       		.byte	-64
 709 02a8 6C       		.byte	108
 710 02a9 C0       		.byte	-64
 711 02aa 6E       		.byte	110
 712 02ab C0       		.byte	-64
 713 02ac 8B       		.byte	-117
 714 02ad 02       		.byte	2
 715 02ae 92       		.byte	-110
 716 02af 01       		.byte	1
 717 02b0 97       		.byte	-105
 718 02b1 01       		.byte	1
 719 02b2 9B       		.byte	-101
 720 02b3 02       		.byte	2
 721 02b4 A1       		.byte	-95
 722 02b5 01       		.byte	1
 723 02b6 A6       		.byte	-90
 724 02b7 02       		.byte	2
 725 02b8 B0       		.byte	-80
 726 02b9 02       		.byte	2
 727 02ba B3       		.byte	-77
 728 02bb 02       		.byte	2
 729 02bc B4       		.byte	-76
 730 02bd 01       		.byte	1
 731 02be B7       		.byte	-73
 732 02bf 01       		.byte	1
 733 02c0 BF       		.byte	-65
 734 02c1 04       		.byte	4
 735 02c2 C0       		.byte	-64
 736 02c3 60       		.byte	96
 737 02c4 C1       		.byte	-63
 738 02c5 02       		.byte	2
 739 02c6 C5       		.byte	-59
 740 02c7 D1       		.byte	-47
 741 02c8 C6       		.byte	-58
ARM GAS  C:\Users\ekatr\AppData\Local\Temp\ccgdktsl.s 			page 14


 742 02c9 20       		.byte	32
 743 02ca C8       		.byte	-56
 744 02cb 0B       		.byte	11
 745 02cc C9       		.byte	-55
 746 02cd FF       		.byte	-1
 747 02ce CA       		.byte	-54
 748 02cf FF       		.byte	-1
 749 02d0 CB       		.byte	-53
 750 02d1 FF       		.byte	-1
 751 02d2 CD       		.byte	-51
 752 02d3 AF       		.byte	-81
 753 02d4 CE       		.byte	-50
 754 02d5 0F       		.byte	15
 755 02d6 CF       		.byte	-49
 756 02d7 04       		.byte	4
 757 02d8 D0       		.byte	-48
 758 02d9 18       		.byte	24
 759 02da D2       		.byte	-46
 760 02db 80       		.byte	-128
 761 02dc D4       		.byte	-44
 762 02dd 05       		.byte	5
 763 02de D8       		.byte	-40
 764 02df 04       		.byte	4
 765 02e0 D9       		.byte	-39
 766 02e1 04       		.byte	4
 767 02e2 DA       		.byte	-38
 768 02e3 04       		.byte	4
 769 02e4 DB       		.byte	-37
 770 02e5 04       		.byte	4
 771 02e6 DC       		.byte	-36
 772 02e7 11       		.byte	17
 773 02e8 DD       		.byte	-35
 774 02e9 11       		.byte	17
 775 02ea DF       		.byte	-33
 776 02eb 01       		.byte	1
 777 02ec E0       		.byte	-32
 778 02ed 40       		.byte	64
 779 02ee E2       		.byte	-30
 780 02ef C0       		.byte	-64
 781 02f0 E4       		.byte	-28
 782 02f1 40       		.byte	64
 783 02f2 E5       		.byte	-27
 784 02f3 40       		.byte	64
 785 02f4 E6       		.byte	-26
 786 02f5 C0       		.byte	-64
 787 02f6 E8       		.byte	-24
 788 02f7 C0       		.byte	-64
 789 02f8 EA       		.byte	-22
 790 02f9 C0       		.byte	-64
 791 02fa EC       		.byte	-20
 792 02fb C0       		.byte	-64
 793 02fc EE       		.byte	-18
 794 02fd C0       		.byte	-64
 795 02fe 09       		.byte	9
 796 02ff 02       		.byte	2
 797 0300 0C       		.byte	12
 798 0301 20       		.byte	32
ARM GAS  C:\Users\ekatr\AppData\Local\Temp\ccgdktsl.s 			page 15


 799 0302 0F       		.byte	15
 800 0303 20       		.byte	32
 801 0304 10       		.byte	16
 802 0305 20       		.byte	32
 803 0306 19       		.byte	25
 804 0307 12       		.byte	18
 805 0308 1B       		.byte	27
 806 0309 10       		.byte	16
 807 030a 1E       		.byte	30
 808 030b 10       		.byte	16
 809 030c 22       		.byte	34
 810 030d 44       		.byte	68
 811 030e 29       		.byte	41
 812 030f 02       		.byte	2
 813 0310 31       		.byte	49
 814 0311 14       		.byte	20
 815 0312 3A       		.byte	58
 816 0313 10       		.byte	16
 817 0314 41       		.byte	65
 818 0315 20       		.byte	32
 819 0316 46       		.byte	70
 820 0317 10       		.byte	16
 821 0318 48       		.byte	72
 822 0319 20       		.byte	32
 823 031a 49       		.byte	73
 824 031b 15       		.byte	21
 825 031c 4F       		.byte	79
 826 031d 20       		.byte	32
 827 031e 51       		.byte	81
 828 031f 20       		.byte	32
 829 0320 52       		.byte	82
 830 0321 10       		.byte	16
 831 0322 59       		.byte	89
 832 0323 01       		.byte	1
 833 0324 5A       		.byte	90
 834 0325 88       		.byte	-120
 835 0326 71       		.byte	113
 836 0327 02       		.byte	2
 837 0328 8E       		.byte	-114
 838 0329 10       		.byte	16
 839 032a B4       		.byte	-76
 840 032b 10       		.byte	16
 841 032c C2       		.byte	-62
 842 032d 68       		.byte	104
 843 032e C4       		.byte	-60
 844 032f 04       		.byte	4
 845 0330 CA       		.byte	-54
 846 0331 01       		.byte	1
 847 0332 CC       		.byte	-52
 848 0333 06       		.byte	6
 849 0334 CE       		.byte	-50
 850 0335 04       		.byte	4
 851 0336 D0       		.byte	-48
 852 0337 44       		.byte	68
 853 0338 D2       		.byte	-46
 854 0339 24       		.byte	36
 855 033a D6       		.byte	-42
ARM GAS  C:\Users\ekatr\AppData\Local\Temp\ccgdktsl.s 			page 16


 856 033b 0B       		.byte	11
 857 033c E6       		.byte	-26
 858 033d 10       		.byte	16
 859 033e 18       		.byte	24
 860 033f 01       		.byte	1
 861 0340 34       		.byte	52
 862 0341 01       		.byte	1
 863 0342 3E       		.byte	62
 864 0343 10       		.byte	16
 865 0344 40       		.byte	64
 866 0345 35       		.byte	53
 867 0346 41       		.byte	65
 868 0347 01       		.byte	1
 869 0348 45       		.byte	69
 870 0349 EE       		.byte	-18
 871 034a 46       		.byte	70
 872 034b 0C       		.byte	12
 873 034c 47       		.byte	71
 874 034d 0B       		.byte	11
 875 034e 48       		.byte	72
 876 034f 17       		.byte	23
 877 0350 49       		.byte	73
 878 0351 FF       		.byte	-1
 879 0352 4A       		.byte	74
 880 0353 FF       		.byte	-1
 881 0354 4B       		.byte	75
 882 0355 FF       		.byte	-1
 883 0356 4E       		.byte	78
 884 0357 F0       		.byte	-16
 885 0358 4F       		.byte	79
 886 0359 44       		.byte	68
 887 035a 50       		.byte	80
 888 035b 0C       		.byte	12
 889 035c 54       		.byte	84
 890 035d 01       		.byte	1
 891 035e 58       		.byte	88
 892 035f 04       		.byte	4
 893 0360 5A       		.byte	90
 894 0361 04       		.byte	4
 895 0362 5B       		.byte	91
 896 0363 04       		.byte	4
 897 0364 5D       		.byte	93
 898 0365 22       		.byte	34
 899 0366 5F       		.byte	95
 900 0367 01       		.byte	1
 901 0368 66       		.byte	102
 902 0369 C0       		.byte	-64
 903 036a 6A       		.byte	106
 904 036b 40       		.byte	64
 905 036c 6B       		.byte	107
 906 036d 02       		.byte	2
 907 036e 80       		.byte	-128
 908 036f 25       		.byte	37
 909 0370 82       		.byte	-126
 910 0371 12       		.byte	18
 911 0372 83       		.byte	-125
 912 0373 02       		.byte	2
ARM GAS  C:\Users\ekatr\AppData\Local\Temp\ccgdktsl.s 			page 17


 913 0374 84       		.byte	-124
 914 0375 73       		.byte	115
 915 0376 85       		.byte	-123
 916 0377 0C       		.byte	12
 917 0378 87       		.byte	-121
 918 0379 02       		.byte	2
 919 037a 88       		.byte	-120
 920 037b 0C       		.byte	12
 921 037c 89       		.byte	-119
 922 037d 0C       		.byte	12
 923 037e 8C       		.byte	-116
 924 037f 4A       		.byte	74
 925 0380 8D       		.byte	-115
 926 0381 0E       		.byte	14
 927 0382 8E       		.byte	-114
 928 0383 11       		.byte	17
 929 0384 90       		.byte	-112
 930 0385 1C       		.byte	28
 931 0386 91       		.byte	-111
 932 0387 01       		.byte	1
 933 0388 92       		.byte	-110
 934 0389 60       		.byte	96
 935 038a 95       		.byte	-107
 936 038b 01       		.byte	1
 937 038c 96       		.byte	-106
 938 038d 80       		.byte	-128
 939 038e 98       		.byte	-104
 940 038f 73       		.byte	115
 941 0390 99       		.byte	-103
 942 0391 01       		.byte	1
 943 0392 9C       		.byte	-100
 944 0393 0C       		.byte	12
 945 0394 9D       		.byte	-99
 946 0395 02       		.byte	2
 947 0396 9F       		.byte	-97
 948 0397 0C       		.byte	12
 949 0398 A1       		.byte	-95
 950 0399 08       		.byte	8
 951 039a A2       		.byte	-94
 952 039b 80       		.byte	-128
 953 039c A5       		.byte	-91
 954 039d 04       		.byte	4
 955 039e A6       		.byte	-90
 956 039f 0C       		.byte	12
 957 03a0 A9       		.byte	-87
 958 03a1 0C       		.byte	12
 959 03a2 AA       		.byte	-86
 960 03a3 0C       		.byte	12
 961 03a4 AB       		.byte	-85
 962 03a5 02       		.byte	2
 963 03a6 AE       		.byte	-82
 964 03a7 0C       		.byte	12
 965 03a8 B0       		.byte	-80
 966 03a9 0C       		.byte	12
 967 03aa B1       		.byte	-79
 968 03ab 01       		.byte	1
 969 03ac B2       		.byte	-78
ARM GAS  C:\Users\ekatr\AppData\Local\Temp\ccgdktsl.s 			page 18


 970 03ad 70       		.byte	112
 971 03ae B3       		.byte	-77
 972 03af 0E       		.byte	14
 973 03b0 B4       		.byte	-76
 974 03b1 80       		.byte	-128
 975 03b2 B6       		.byte	-74
 976 03b3 03       		.byte	3
 977 03b4 BB       		.byte	-69
 978 03b5 08       		.byte	8
 979 03b6 BE       		.byte	-66
 980 03b7 10       		.byte	16
 981 03b8 D4       		.byte	-44
 982 03b9 18       		.byte	24
 983 03ba D8       		.byte	-40
 984 03bb 04       		.byte	4
 985 03bc D9       		.byte	-39
 986 03bd 04       		.byte	4
 987 03be DB       		.byte	-37
 988 03bf 04       		.byte	4
 989 03c0 DC       		.byte	-36
 990 03c1 22       		.byte	34
 991 03c2 DD       		.byte	-35
 992 03c3 20       		.byte	32
 993 03c4 DF       		.byte	-33
 994 03c5 01       		.byte	1
 995 03c6 00       		.byte	0
 996 03c7 08       		.byte	8
 997 03c8 01       		.byte	1
 998 03c9 80       		.byte	-128
 999 03ca 02       		.byte	2
 1000 03cb 44       		.byte	68
 1001 03cc 08       		.byte	8
 1002 03cd 10       		.byte	16
 1003 03ce 09       		.byte	9
 1004 03cf 80       		.byte	-128
 1005 03d0 0A       		.byte	10
 1006 03d1 10       		.byte	16
 1007 03d2 0B       		.byte	11
 1008 03d3 40       		.byte	64
 1009 03d4 0F       		.byte	15
 1010 03d5 04       		.byte	4
 1011 03d6 12       		.byte	18
 1012 03d7 2A       		.byte	42
 1013 03d8 13       		.byte	19
 1014 03d9 01       		.byte	1
 1015 03da 18       		.byte	24
 1016 03db 04       		.byte	4
 1017 03dc 19       		.byte	25
 1018 03dd 81       		.byte	-127
 1019 03de 1B       		.byte	27
 1020 03df 88       		.byte	-120
 1021 03e0 1E       		.byte	30
 1022 03e1 08       		.byte	8
 1023 03e2 21       		.byte	33
 1024 03e3 05       		.byte	5
 1025 03e4 22       		.byte	34
 1026 03e5 0A       		.byte	10
ARM GAS  C:\Users\ekatr\AppData\Local\Temp\ccgdktsl.s 			page 19


 1027 03e6 29       		.byte	41
 1028 03e7 10       		.byte	16
 1029 03e8 2A       		.byte	42
 1030 03e9 0A       		.byte	10
 1031 03ea 30       		.byte	48
 1032 03eb 10       		.byte	16
 1033 03ec 31       		.byte	49
 1034 03ed 80       		.byte	-128
 1035 03ee 33       		.byte	51
 1036 03ef 15       		.byte	21
 1037 03f0 38       		.byte	56
 1038 03f1 80       		.byte	-128
 1039 03f2 39       		.byte	57
 1040 03f3 0A       		.byte	10
 1041 03f4 3A       		.byte	58
 1042 03f5 20       		.byte	32
 1043 03f6 44       		.byte	68
 1044 03f7 01       		.byte	1
 1045 03f8 47       		.byte	71
 1046 03f9 08       		.byte	8
 1047 03fa 4C       		.byte	76
 1048 03fb 02       		.byte	2
 1049 03fc 4D       		.byte	77
 1050 03fd 01       		.byte	1
 1051 03fe 4F       		.byte	79
 1052 03ff 04       		.byte	4
 1053 0400 54       		.byte	84
 1054 0401 80       		.byte	-128
 1055 0402 55       		.byte	85
 1056 0403 04       		.byte	4
 1057 0404 59       		.byte	89
 1058 0405 01       		.byte	1
 1059 0406 5D       		.byte	93
 1060 0407 01       		.byte	1
 1061 0408 5E       		.byte	94
 1062 0409 88       		.byte	-120
 1063 040a 5F       		.byte	95
 1064 040b 10       		.byte	16
 1065 040c 60       		.byte	96
 1066 040d 04       		.byte	4
 1067 040e 62       		.byte	98
 1068 040f 80       		.byte	-128
 1069 0410 8C       		.byte	-116
 1070 0411 40       		.byte	64
 1071 0412 8E       		.byte	-114
 1072 0413 04       		.byte	4
 1073 0414 90       		.byte	-112
 1074 0415 80       		.byte	-128
 1075 0416 92       		.byte	-110
 1076 0417 10       		.byte	16
 1077 0418 98       		.byte	-104
 1078 0419 01       		.byte	1
 1079 041a 9B       		.byte	-101
 1080 041b 08       		.byte	8
 1081 041c A0       		.byte	-96
 1082 041d 02       		.byte	2
 1083 041e A2       		.byte	-94
ARM GAS  C:\Users\ekatr\AppData\Local\Temp\ccgdktsl.s 			page 20


 1084 041f 40       		.byte	64
 1085 0420 A4       		.byte	-92
 1086 0421 80       		.byte	-128
 1087 0422 A5       		.byte	-91
 1088 0423 84       		.byte	-124
 1089 0424 A6       		.byte	-90
 1090 0425 28       		.byte	40
 1091 0426 B1       		.byte	-79
 1092 0427 A4       		.byte	-92
 1093 0428 B2       		.byte	-78
 1094 0429 40       		.byte	64
 1095 042a B6       		.byte	-74
 1096 042b 48       		.byte	72
 1097 042c C0       		.byte	-64
 1098 042d 0F       		.byte	15
 1099 042e C2       		.byte	-62
 1100 042f 4F       		.byte	79
 1101 0430 C4       		.byte	-60
 1102 0431 0F       		.byte	15
 1103 0432 CA       		.byte	-54
 1104 0433 07       		.byte	7
 1105 0434 CC       		.byte	-52
 1106 0435 0F       		.byte	15
 1107 0436 CE       		.byte	-50
 1108 0437 0F       		.byte	15
 1109 0438 D0       		.byte	-48
 1110 0439 50       		.byte	80
 1111 043a D2       		.byte	-46
 1112 043b 10       		.byte	16
 1113 043c D6       		.byte	-42
 1114 043d F1       		.byte	-15
 1115 043e D8       		.byte	-40
 1116 043f 0C       		.byte	12
 1117 0440 EA       		.byte	-22
 1118 0441 10       		.byte	16
 1119 0442 03       		.byte	3
 1120 0443 05       		.byte	5
 1121 0444 04       		.byte	4
 1122 0445 01       		.byte	1
 1123 0446 05       		.byte	5
 1124 0447 03       		.byte	3
 1125 0448 07       		.byte	7
 1126 0449 0C       		.byte	12
 1127 044a 09       		.byte	9
 1128 044b 0A       		.byte	10
 1129 044c 0A       		.byte	10
 1130 044d 02       		.byte	2
 1131 044e 0B       		.byte	11
 1132 044f 04       		.byte	4
 1133 0450 0C       		.byte	12
 1134 0451 02       		.byte	2
 1135 0452 10       		.byte	16
 1136 0453 01       		.byte	1
 1137 0454 11       		.byte	17
 1138 0455 03       		.byte	3
 1139 0456 13       		.byte	19
 1140 0457 04       		.byte	4
ARM GAS  C:\Users\ekatr\AppData\Local\Temp\ccgdktsl.s 			page 21


 1141 0458 16       		.byte	22
 1142 0459 01       		.byte	1
 1143 045a 18       		.byte	24
 1144 045b 04       		.byte	4
 1145 045c 1C       		.byte	28
 1146 045d 02       		.byte	2
 1147 045e 1D       		.byte	29
 1148 045f 03       		.byte	3
 1149 0460 1F       		.byte	31
 1150 0461 04       		.byte	4
 1151 0462 22       		.byte	34
 1152 0463 01       		.byte	1
 1153 0464 23       		.byte	35
 1154 0465 08       		.byte	8
 1155 0466 26       		.byte	38
 1156 0467 02       		.byte	2
 1157 0468 2E       		.byte	46
 1158 0469 01       		.byte	1
 1159 046a 32       		.byte	50
 1160 046b 02       		.byte	2
 1161 046c 34       		.byte	52
 1162 046d 01       		.byte	1
 1163 046e 35       		.byte	53
 1164 046f 0F       		.byte	15
 1165 0470 36       		.byte	54
 1166 0471 04       		.byte	4
 1167 0472 38       		.byte	56
 1168 0473 08       		.byte	8
 1169 0474 3A       		.byte	58
 1170 0475 02       		.byte	2
 1171 0476 3B       		.byte	59
 1172 0477 20       		.byte	32
 1173 0478 3E       		.byte	62
 1174 0479 50       		.byte	80
 1175 047a 40       		.byte	64
 1176 047b 50       		.byte	80
 1177 047c 41       		.byte	65
 1178 047d 02       		.byte	2
 1179 047e 49       		.byte	73
 1180 047f FF       		.byte	-1
 1181 0480 4A       		.byte	74
 1182 0481 FF       		.byte	-1
 1183 0482 4B       		.byte	75
 1184 0483 FF       		.byte	-1
 1185 0484 4D       		.byte	77
 1186 0485 A0       		.byte	-96
 1187 0486 4F       		.byte	79
 1188 0487 04       		.byte	4
 1189 0488 50       		.byte	80
 1190 0489 18       		.byte	24
 1191 048a 56       		.byte	86
 1192 048b 08       		.byte	8
 1193 048c 58       		.byte	88
 1194 048d 04       		.byte	4
 1195 048e 59       		.byte	89
 1196 048f 04       		.byte	4
 1197 0490 5A       		.byte	90
ARM GAS  C:\Users\ekatr\AppData\Local\Temp\ccgdktsl.s 			page 22


 1198 0491 04       		.byte	4
 1199 0492 5B       		.byte	91
 1200 0493 04       		.byte	4
 1201 0494 5C       		.byte	92
 1202 0495 22       		.byte	34
 1203 0496 5D       		.byte	93
 1204 0497 01       		.byte	1
 1205 0498 5F       		.byte	95
 1206 0499 01       		.byte	1
 1207 049a 60       		.byte	96
 1208 049b 40       		.byte	64
 1209 049c 62       		.byte	98
 1210 049d C0       		.byte	-64
 1211 049e 64       		.byte	100
 1212 049f 40       		.byte	64
 1213 04a0 65       		.byte	101
 1214 04a1 40       		.byte	64
 1215 04a2 66       		.byte	102
 1216 04a3 C0       		.byte	-64
 1217 04a4 68       		.byte	104
 1218 04a5 C0       		.byte	-64
 1219 04a6 6A       		.byte	106
 1220 04a7 C0       		.byte	-64
 1221 04a8 6C       		.byte	108
 1222 04a9 C0       		.byte	-64
 1223 04aa 6E       		.byte	110
 1224 04ab C0       		.byte	-64
 1225 04ac 85       		.byte	-123
 1226 04ad 14       		.byte	20
 1227 04ae 89       		.byte	-119
 1228 04af 1C       		.byte	28
 1229 04b0 8B       		.byte	-117
 1230 04b1 02       		.byte	2
 1231 04b2 91       		.byte	-111
 1232 04b3 09       		.byte	9
 1233 04b4 93       		.byte	-109
 1234 04b5 10       		.byte	16
 1235 04b6 95       		.byte	-107
 1236 04b7 10       		.byte	16
 1237 04b8 97       		.byte	-105
 1238 04b9 0C       		.byte	12
 1239 04ba 9B       		.byte	-101
 1240 04bb 03       		.byte	3
 1241 04bc A5       		.byte	-91
 1242 04bd 10       		.byte	16
 1243 04be AD       		.byte	-83
 1244 04bf 0C       		.byte	12
 1245 04c0 AE       		.byte	-82
 1246 04c1 01       		.byte	1
 1247 04c2 AF       		.byte	-81
 1248 04c3 11       		.byte	17
 1249 04c4 B3       		.byte	-77
 1250 04c5 1F       		.byte	31
 1251 04c6 B6       		.byte	-74
 1252 04c7 01       		.byte	1
 1253 04c8 C0       		.byte	-64
 1254 04c9 30       		.byte	48
ARM GAS  C:\Users\ekatr\AppData\Local\Temp\ccgdktsl.s 			page 23


 1255 04ca C1       		.byte	-63
 1256 04cb 02       		.byte	2
 1257 04cc C5       		.byte	-59
 1258 04cd 20       		.byte	32
 1259 04ce C7       		.byte	-57
 1260 04cf 1D       		.byte	29
 1261 04d0 C8       		.byte	-56
 1262 04d1 32       		.byte	50
 1263 04d2 C9       		.byte	-55
 1264 04d3 FF       		.byte	-1
 1265 04d4 CA       		.byte	-54
 1266 04d5 FF       		.byte	-1
 1267 04d6 CB       		.byte	-53
 1268 04d7 FF       		.byte	-1
 1269 04d8 CD       		.byte	-51
 1270 04d9 AF       		.byte	-81
 1271 04da CE       		.byte	-50
 1272 04db 0F       		.byte	15
 1273 04dc CF       		.byte	-49
 1274 04dd 04       		.byte	4
 1275 04de D0       		.byte	-48
 1276 04df 18       		.byte	24
 1277 04e0 D6       		.byte	-42
 1278 04e1 08       		.byte	8
 1279 04e2 D8       		.byte	-40
 1280 04e3 04       		.byte	4
 1281 04e4 D9       		.byte	-39
 1282 04e5 04       		.byte	4
 1283 04e6 DA       		.byte	-38
 1284 04e7 04       		.byte	4
 1285 04e8 DB       		.byte	-37
 1286 04e9 04       		.byte	4
 1287 04ea DC       		.byte	-36
 1288 04eb 20       		.byte	32
 1289 04ec DD       		.byte	-35
 1290 04ed 01       		.byte	1
 1291 04ee DF       		.byte	-33
 1292 04ef 01       		.byte	1
 1293 04f0 E0       		.byte	-32
 1294 04f1 40       		.byte	64
 1295 04f2 E2       		.byte	-30
 1296 04f3 C0       		.byte	-64
 1297 04f4 E4       		.byte	-28
 1298 04f5 40       		.byte	64
 1299 04f6 E5       		.byte	-27
 1300 04f7 40       		.byte	64
 1301 04f8 E6       		.byte	-26
 1302 04f9 C0       		.byte	-64
 1303 04fa E8       		.byte	-24
 1304 04fb C0       		.byte	-64
 1305 04fc EA       		.byte	-22
 1306 04fd C0       		.byte	-64
 1307 04fe EC       		.byte	-20
 1308 04ff C0       		.byte	-64
 1309 0500 EE       		.byte	-18
 1310 0501 C0       		.byte	-64
 1311 0502 00       		.byte	0
ARM GAS  C:\Users\ekatr\AppData\Local\Temp\ccgdktsl.s 			page 24


 1312 0503 04       		.byte	4
 1313 0504 02       		.byte	2
 1314 0505 08       		.byte	8
 1315 0506 03       		.byte	3
 1316 0507 02       		.byte	2
 1317 0508 08       		.byte	8
 1318 0509 11       		.byte	17
 1319 050a 09       		.byte	9
 1320 050b 80       		.byte	-128
 1321 050c 0A       		.byte	10
 1322 050d 40       		.byte	64
 1323 050e 0B       		.byte	11
 1324 050f 10       		.byte	16
 1325 0510 10       		.byte	16
 1326 0511 82       		.byte	-126
 1327 0512 12       		.byte	18
 1328 0513 21       		.byte	33
 1329 0514 14       		.byte	20
 1330 0515 02       		.byte	2
 1331 0516 18       		.byte	24
 1332 0517 80       		.byte	-128
 1333 0518 19       		.byte	25
 1334 0519 20       		.byte	32
 1335 051a 1A       		.byte	26
 1336 051b 11       		.byte	17
 1337 051c 1B       		.byte	27
 1338 051d 02       		.byte	2
 1339 051e 1D       		.byte	29
 1340 051f 40       		.byte	64
 1341 0520 1F       		.byte	31
 1342 0521 80       		.byte	-128
 1343 0522 20       		.byte	32
 1344 0523 04       		.byte	4
 1345 0524 23       		.byte	35
 1346 0525 08       		.byte	8
 1347 0526 27       		.byte	39
 1348 0527 20       		.byte	32
 1349 0528 29       		.byte	41
 1350 0529 01       		.byte	1
 1351 052a 2C       		.byte	44
 1352 052b 20       		.byte	32
 1353 052c 2E       		.byte	46
 1354 052d 40       		.byte	64
 1355 052e 30       		.byte	48
 1356 052f 81       		.byte	-127
 1357 0530 34       		.byte	52
 1358 0531 10       		.byte	16
 1359 0532 35       		.byte	53
 1360 0533 01       		.byte	1
 1361 0534 36       		.byte	54
 1362 0535 01       		.byte	1
 1363 0536 37       		.byte	55
 1364 0537 28       		.byte	40
 1365 0538 38       		.byte	56
 1366 0539 04       		.byte	4
 1367 053a 3A       		.byte	58
 1368 053b 01       		.byte	1
ARM GAS  C:\Users\ekatr\AppData\Local\Temp\ccgdktsl.s 			page 25


 1369 053c 3B       		.byte	59
 1370 053d 10       		.byte	16
 1371 053e 3D       		.byte	61
 1372 053f 08       		.byte	8
 1373 0540 3F       		.byte	63
 1374 0541 10       		.byte	16
 1375 0542 42       		.byte	66
 1376 0543 08       		.byte	8
 1377 0544 45       		.byte	69
 1378 0545 08       		.byte	8
 1379 0546 46       		.byte	70
 1380 0547 08       		.byte	8
 1381 0548 4A       		.byte	74
 1382 0549 02       		.byte	2
 1383 054a 4E       		.byte	78
 1384 054b 40       		.byte	64
 1385 054c 57       		.byte	87
 1386 054d 09       		.byte	9
 1387 054e 58       		.byte	88
 1388 054f 40       		.byte	64
 1389 0550 5D       		.byte	93
 1390 0551 80       		.byte	-128
 1391 0552 63       		.byte	99
 1392 0553 01       		.byte	1
 1393 0554 64       		.byte	100
 1394 0555 02       		.byte	2
 1395 0556 67       		.byte	103
 1396 0557 02       		.byte	2
 1397 0558 86       		.byte	-122
 1398 0559 01       		.byte	1
 1399 055a 8B       		.byte	-117
 1400 055b 09       		.byte	9
 1401 055c 91       		.byte	-111
 1402 055d 08       		.byte	8
 1403 055e 92       		.byte	-110
 1404 055f 40       		.byte	64
 1405 0560 93       		.byte	-109
 1406 0561 10       		.byte	16
 1407 0562 94       		.byte	-108
 1408 0563 04       		.byte	4
 1409 0564 97       		.byte	-105
 1410 0565 03       		.byte	3
 1411 0566 98       		.byte	-104
 1412 0567 40       		.byte	64
 1413 0568 9A       		.byte	-102
 1414 0569 01       		.byte	1
 1415 056a 9D       		.byte	-99
 1416 056b 40       		.byte	64
 1417 056c A0       		.byte	-96
 1418 056d 20       		.byte	32
 1419 056e A1       		.byte	-95
 1420 056f 08       		.byte	8
 1421 0570 A2       		.byte	-94
 1422 0571 03       		.byte	3
 1423 0572 A7       		.byte	-89
 1424 0573 80       		.byte	-128
 1425 0574 AB       		.byte	-85
ARM GAS  C:\Users\ekatr\AppData\Local\Temp\ccgdktsl.s 			page 26


 1426 0575 10       		.byte	16
 1427 0576 B0       		.byte	-80
 1428 0577 08       		.byte	8
 1429 0578 B3       		.byte	-77
 1430 0579 01       		.byte	1
 1431 057a B4       		.byte	-76
 1432 057b 02       		.byte	2
 1433 057c B7       		.byte	-73
 1434 057d 02       		.byte	2
 1435 057e C0       		.byte	-64
 1436 057f 07       		.byte	7
 1437 0580 C2       		.byte	-62
 1438 0581 0F       		.byte	15
 1439 0582 C4       		.byte	-60
 1440 0583 8D       		.byte	-115
 1441 0584 CA       		.byte	-54
 1442 0585 51       		.byte	81
 1443 0586 CC       		.byte	-52
 1444 0587 E9       		.byte	-23
 1445 0588 CE       		.byte	-50
 1446 0589 67       		.byte	103
 1447 058a D0       		.byte	-48
 1448 058b 64       		.byte	100
 1449 058c D2       		.byte	-46
 1450 058d 08       		.byte	8
 1451 058e D6       		.byte	-42
 1452 058f 18       		.byte	24
 1453 0590 D8       		.byte	-40
 1454 0591 18       		.byte	24
 1455 0592 E0       		.byte	-32
 1456 0593 08       		.byte	8
 1457 0594 E2       		.byte	-30
 1458 0595 A0       		.byte	-96
 1459 0596 EE       		.byte	-18
 1460 0597 01       		.byte	1
 1461 0598 0C       		.byte	12
 1462 0599 01       		.byte	1
 1463 059a 1E       		.byte	30
 1464 059b 01       		.byte	1
 1465 059c 21       		.byte	33
 1466 059d 01       		.byte	1
 1467 059e 22       		.byte	34
 1468 059f 01       		.byte	1
 1469 05a0 2F       		.byte	47
 1470 05a1 01       		.byte	1
 1471 05a2 30       		.byte	48
 1472 05a3 01       		.byte	1
 1473 05a4 35       		.byte	53
 1474 05a5 01       		.byte	1
 1475 05a6 3E       		.byte	62
 1476 05a7 01       		.byte	1
 1477 05a8 3F       		.byte	63
 1478 05a9 10       		.byte	16
 1479 05aa 54       		.byte	84
 1480 05ab 41       		.byte	65
 1481 05ac 58       		.byte	88
 1482 05ad 04       		.byte	4
ARM GAS  C:\Users\ekatr\AppData\Local\Temp\ccgdktsl.s 			page 27


 1483 05ae 59       		.byte	89
 1484 05af 04       		.byte	4
 1485 05b0 5B       		.byte	91
 1486 05b1 04       		.byte	4
 1487 05b2 5F       		.byte	95
 1488 05b3 01       		.byte	1
 1489 05b4 89       		.byte	-119
 1490 05b5 C1       		.byte	-63
 1491 05b6 8B       		.byte	-117
 1492 05b7 08       		.byte	8
 1493 05b8 8C       		.byte	-116
 1494 05b9 03       		.byte	3
 1495 05ba 8D       		.byte	-115
 1496 05bb 10       		.byte	16
 1497 05bc 8F       		.byte	-113
 1498 05bd C1       		.byte	-63
 1499 05be 93       		.byte	-109
 1500 05bf 1E       		.byte	30
 1501 05c0 96       		.byte	-106
 1502 05c1 01       		.byte	1
 1503 05c2 97       		.byte	-105
 1504 05c3 80       		.byte	-128
 1505 05c4 99       		.byte	-103
 1506 05c5 C1       		.byte	-63
 1507 05c6 9B       		.byte	-101
 1508 05c7 04       		.byte	4
 1509 05c8 9D       		.byte	-99
 1510 05c9 C1       		.byte	-63
 1511 05ca 9F       		.byte	-97
 1512 05cb 02       		.byte	2
 1513 05cc AF       		.byte	-81
 1514 05cd 21       		.byte	33
 1515 05ce B1       		.byte	-79
 1516 05cf 20       		.byte	32
 1517 05d0 B2       		.byte	-78
 1518 05d1 02       		.byte	2
 1519 05d2 B3       		.byte	-77
 1520 05d3 40       		.byte	64
 1521 05d4 B4       		.byte	-76
 1522 05d5 01       		.byte	1
 1523 05d6 B5       		.byte	-75
 1524 05d7 80       		.byte	-128
 1525 05d8 B7       		.byte	-73
 1526 05d9 1F       		.byte	31
 1527 05da BE       		.byte	-66
 1528 05db 14       		.byte	20
 1529 05dc BF       		.byte	-65
 1530 05dd 54       		.byte	84
 1531 05de C0       		.byte	-64
 1532 05df 06       		.byte	6
 1533 05e0 C1       		.byte	-63
 1534 05e1 03       		.byte	3
 1535 05e2 C2       		.byte	-62
 1536 05e3 60       		.byte	96
 1537 05e4 C4       		.byte	-60
 1538 05e5 01       		.byte	1
 1539 05e6 C5       		.byte	-59
ARM GAS  C:\Users\ekatr\AppData\Local\Temp\ccgdktsl.s 			page 28


 1540 05e7 FE       		.byte	-2
 1541 05e8 C6       		.byte	-58
 1542 05e9 BC       		.byte	-68
 1543 05ea C7       		.byte	-57
 1544 05eb 0D       		.byte	13
 1545 05ec C8       		.byte	-56
 1546 05ed 1F       		.byte	31
 1547 05ee C9       		.byte	-55
 1548 05ef FF       		.byte	-1
 1549 05f0 CA       		.byte	-54
 1550 05f1 FF       		.byte	-1
 1551 05f2 CB       		.byte	-53
 1552 05f3 FF       		.byte	-1
 1553 05f4 CC       		.byte	-52
 1554 05f5 22       		.byte	34
 1555 05f6 CE       		.byte	-50
 1556 05f7 F0       		.byte	-16
 1557 05f8 CF       		.byte	-49
 1558 05f9 0C       		.byte	12
 1559 05fa D0       		.byte	-48
 1560 05fb 8C       		.byte	-116
 1561 05fc D1       		.byte	-47
 1562 05fd 10       		.byte	16
 1563 05fe D6       		.byte	-42
 1564 05ff 02       		.byte	2
 1565 0600 D7       		.byte	-41
 1566 0601 28       		.byte	40
 1567 0602 D8       		.byte	-40
 1568 0603 04       		.byte	4
 1569 0604 D9       		.byte	-39
 1570 0605 04       		.byte	4
 1571 0606 DA       		.byte	-38
 1572 0607 24       		.byte	36
 1573 0608 DB       		.byte	-37
 1574 0609 24       		.byte	36
 1575 060a DC       		.byte	-36
 1576 060b 80       		.byte	-128
 1577 060c DD       		.byte	-35
 1578 060d 88       		.byte	-120
 1579 060e DE       		.byte	-34
 1580 060f 08       		.byte	8
 1581 0610 DF       		.byte	-33
 1582 0611 21       		.byte	33
 1583 0612 E8       		.byte	-24
 1584 0613 40       		.byte	64
 1585 0614 E9       		.byte	-23
 1586 0615 01       		.byte	1
 1587 0616 EA       		.byte	-22
 1588 0617 C0       		.byte	-64
 1589 0618 EB       		.byte	-21
 1590 0619 01       		.byte	1
 1591 061a 03       		.byte	3
 1592 061b 02       		.byte	2
 1593 061c 05       		.byte	5
 1594 061d 40       		.byte	64
 1595 061e 0B       		.byte	11
 1596 061f 20       		.byte	32
ARM GAS  C:\Users\ekatr\AppData\Local\Temp\ccgdktsl.s 			page 29


 1597 0620 0F       		.byte	15
 1598 0621 03       		.byte	3
 1599 0622 10       		.byte	16
 1600 0623 C0       		.byte	-64
 1601 0624 16       		.byte	22
 1602 0625 80       		.byte	-128
 1603 0626 18       		.byte	24
 1604 0627 10       		.byte	16
 1605 0628 1B       		.byte	27
 1606 0629 20       		.byte	32
 1607 062a 1E       		.byte	30
 1608 062b 80       		.byte	-128
 1609 062c 20       		.byte	32
 1610 062d 01       		.byte	1
 1611 062e 21       		.byte	33
 1612 062f 06       		.byte	6
 1613 0630 22       		.byte	34
 1614 0631 18       		.byte	24
 1615 0632 25       		.byte	37
 1616 0633 10       		.byte	16
 1617 0634 28       		.byte	40
 1618 0635 02       		.byte	2
 1619 0636 2E       		.byte	46
 1620 0637 80       		.byte	-128
 1621 0638 2F       		.byte	47
 1622 0639 81       		.byte	-127
 1623 063a 31       		.byte	49
 1624 063b 02       		.byte	2
 1625 063c 33       		.byte	51
 1626 063d 58       		.byte	88
 1627 063e 39       		.byte	57
 1628 063f 50       		.byte	80
 1629 0640 40       		.byte	64
 1630 0641 11       		.byte	17
 1631 0642 45       		.byte	69
 1632 0643 10       		.byte	16
 1633 0644 46       		.byte	70
 1634 0645 08       		.byte	8
 1635 0646 49       		.byte	73
 1636 0647 02       		.byte	2
 1637 0648 4A       		.byte	74
 1638 0649 98       		.byte	-104
 1639 064a 50       		.byte	80
 1640 064b 80       		.byte	-128
 1641 064c 53       		.byte	83
 1642 064d 18       		.byte	24
 1643 064e 5C       		.byte	92
 1644 064f 08       		.byte	8
 1645 0650 5E       		.byte	94
 1646 0651 A0       		.byte	-96
 1647 0652 60       		.byte	96
 1648 0653 10       		.byte	16
 1649 0654 66       		.byte	102
 1650 0655 08       		.byte	8
 1651 0656 69       		.byte	105
 1652 0657 50       		.byte	80
 1653 0658 6B       		.byte	107
ARM GAS  C:\Users\ekatr\AppData\Local\Temp\ccgdktsl.s 			page 30


 1654 0659 50       		.byte	80
 1655 065a 7B       		.byte	123
 1656 065b 12       		.byte	18
 1657 065c 85       		.byte	-123
 1658 065d 08       		.byte	8
 1659 065e 86       		.byte	-122
 1660 065f 02       		.byte	2
 1661 0660 87       		.byte	-121
 1662 0661 20       		.byte	32
 1663 0662 92       		.byte	-110
 1664 0663 40       		.byte	64
 1665 0664 93       		.byte	-109
 1666 0665 10       		.byte	16
 1667 0666 94       		.byte	-108
 1668 0667 04       		.byte	4
 1669 0668 96       		.byte	-106
 1670 0669 20       		.byte	32
 1671 066a 9A       		.byte	-102
 1672 066b 01       		.byte	1
 1673 066c 9D       		.byte	-99
 1674 066d 02       		.byte	2
 1675 066e A0       		.byte	-96
 1676 066f 20       		.byte	32
 1677 0670 A2       		.byte	-94
 1678 0671 01       		.byte	1
 1679 0672 A6       		.byte	-90
 1680 0673 80       		.byte	-128
 1681 0674 A7       		.byte	-89
 1682 0675 08       		.byte	8
 1683 0676 AB       		.byte	-85
 1684 0677 48       		.byte	72
 1685 0678 B5       		.byte	-75
 1686 0679 10       		.byte	16
 1687 067a B6       		.byte	-74
 1688 067b 80       		.byte	-128
 1689 067c C0       		.byte	-64
 1690 067d 81       		.byte	-127
 1691 067e C2       		.byte	-62
 1692 067f 84       		.byte	-124
 1693 0680 C4       		.byte	-60
 1694 0681 10       		.byte	16
 1695 0682 CA       		.byte	-54
 1696 0683 98       		.byte	-104
 1697 0684 CC       		.byte	-52
 1698 0685 0F       		.byte	15
 1699 0686 CE       		.byte	-50
 1700 0687 0C       		.byte	12
 1701 0688 D0       		.byte	-48
 1702 0689 0A       		.byte	10
 1703 068a D2       		.byte	-46
 1704 068b 04       		.byte	4
 1705 068c D6       		.byte	-42
 1706 068d 70       		.byte	112
 1707 068e D8       		.byte	-40
 1708 068f 42       		.byte	66
 1709 0690 DE       		.byte	-34
 1710 0691 0A       		.byte	10
ARM GAS  C:\Users\ekatr\AppData\Local\Temp\ccgdktsl.s 			page 31


 1711 0692 E4       		.byte	-28
 1712 0693 08       		.byte	8
 1713 0694 03       		.byte	3
 1714 0695 03       		.byte	3
 1715 0696 05       		.byte	5
 1716 0697 01       		.byte	1
 1717 0698 06       		.byte	6
 1718 0699 05       		.byte	5
 1719 069a 07       		.byte	7
 1720 069b 06       		.byte	6
 1721 069c 09       		.byte	9
 1722 069d 0C       		.byte	12
 1723 069e 0B       		.byte	11
 1724 069f 03       		.byte	3
 1725 06a0 0E       		.byte	14
 1726 06a1 06       		.byte	6
 1727 06a2 0F       		.byte	15
 1728 06a3 0C       		.byte	12
 1729 06a4 12       		.byte	18
 1730 06a5 03       		.byte	3
 1731 06a6 1B       		.byte	27
 1732 06a7 08       		.byte	8
 1733 06a8 21       		.byte	33
 1734 06a9 01       		.byte	1
 1735 06aa 23       		.byte	35
 1736 06ab 0E       		.byte	14
 1737 06ac 26       		.byte	38
 1738 06ad 02       		.byte	2
 1739 06ae 28       		.byte	40
 1740 06af 06       		.byte	6
 1741 06b0 2A       		.byte	42
 1742 06b1 01       		.byte	1
 1743 06b2 2E       		.byte	46
 1744 06b3 01       		.byte	1
 1745 06b4 30       		.byte	48
 1746 06b5 07       		.byte	7
 1747 06b6 33       		.byte	51
 1748 06b7 0F       		.byte	15
 1749 06b8 3A       		.byte	58
 1750 06b9 02       		.byte	2
 1751 06ba 3B       		.byte	59
 1752 06bb 08       		.byte	8
 1753 06bc 56       		.byte	86
 1754 06bd 08       		.byte	8
 1755 06be 58       		.byte	88
 1756 06bf 04       		.byte	4
 1757 06c0 59       		.byte	89
 1758 06c1 04       		.byte	4
 1759 06c2 5B       		.byte	91
 1760 06c3 04       		.byte	4
 1761 06c4 5C       		.byte	92
 1762 06c5 22       		.byte	34
 1763 06c6 5F       		.byte	95
 1764 06c7 01       		.byte	1
 1765 06c8 80       		.byte	-128
 1766 06c9 03       		.byte	3
 1767 06ca 81       		.byte	-127
ARM GAS  C:\Users\ekatr\AppData\Local\Temp\ccgdktsl.s 			page 32


 1768 06cb 02       		.byte	2
 1769 06cc 84       		.byte	-124
 1770 06cd 03       		.byte	3
 1771 06ce 87       		.byte	-121
 1772 06cf 04       		.byte	4
 1773 06d0 88       		.byte	-120
 1774 06d1 02       		.byte	2
 1775 06d2 89       		.byte	-119
 1776 06d3 01       		.byte	1
 1777 06d4 91       		.byte	-111
 1778 06d5 01       		.byte	1
 1779 06d6 97       		.byte	-105
 1780 06d7 01       		.byte	1
 1781 06d8 9D       		.byte	-99
 1782 06d9 08       		.byte	8
 1783 06da A5       		.byte	-91
 1784 06db 04       		.byte	4
 1785 06dc AA       		.byte	-86
 1786 06dd 04       		.byte	4
 1787 06de AE       		.byte	-82
 1788 06df 01       		.byte	1
 1789 06e0 B1       		.byte	-79
 1790 06e1 03       		.byte	3
 1791 06e2 B2       		.byte	-78
 1792 06e3 03       		.byte	3
 1793 06e4 B3       		.byte	-77
 1794 06e5 04       		.byte	4
 1795 06e6 B4       		.byte	-76
 1796 06e7 04       		.byte	4
 1797 06e8 B5       		.byte	-75
 1798 06e9 08       		.byte	8
 1799 06ea B8       		.byte	-72
 1800 06eb 08       		.byte	8
 1801 06ec B9       		.byte	-71
 1802 06ed 02       		.byte	2
 1803 06ee BE       		.byte	-66
 1804 06ef 04       		.byte	4
 1805 06f0 BF       		.byte	-65
 1806 06f1 14       		.byte	20
 1807 06f2 C0       		.byte	-64
 1808 06f3 03       		.byte	3
 1809 06f4 C5       		.byte	-59
 1810 06f5 04       		.byte	4
 1811 06f6 C9       		.byte	-55
 1812 06f7 FF       		.byte	-1
 1813 06f8 CA       		.byte	-54
 1814 06f9 07       		.byte	7
 1815 06fa CB       		.byte	-53
 1816 06fb FF       		.byte	-1
 1817 06fc CC       		.byte	-52
 1818 06fd 40       		.byte	64
 1819 06fe CD       		.byte	-51
 1820 06ff 20       		.byte	32
 1821 0700 CE       		.byte	-50
 1822 0701 F0       		.byte	-16
 1823 0702 CF       		.byte	-49
 1824 0703 05       		.byte	5
ARM GAS  C:\Users\ekatr\AppData\Local\Temp\ccgdktsl.s 			page 33


 1825 0704 D0       		.byte	-48
 1826 0705 08       		.byte	8
 1827 0706 D4       		.byte	-44
 1828 0707 20       		.byte	32
 1829 0708 D6       		.byte	-42
 1830 0709 04       		.byte	4
 1831 070a D8       		.byte	-40
 1832 070b 04       		.byte	4
 1833 070c D9       		.byte	-39
 1834 070d 04       		.byte	4
 1835 070e DA       		.byte	-38
 1836 070f 04       		.byte	4
 1837 0710 DB       		.byte	-37
 1838 0711 04       		.byte	4
 1839 0712 DC       		.byte	-36
 1840 0713 20       		.byte	32
 1841 0714 DD       		.byte	-35
 1842 0715 02       		.byte	2
 1843 0716 DF       		.byte	-33
 1844 0717 01       		.byte	1
 1845 0718 E0       		.byte	-32
 1846 0719 40       		.byte	64
 1847 071a E1       		.byte	-31
 1848 071b A8       		.byte	-88
 1849 071c E2       		.byte	-30
 1850 071d 40       		.byte	64
 1851 071e E3       		.byte	-29
 1852 071f 20       		.byte	32
 1853 0720 00       		.byte	0
 1854 0721 44       		.byte	68
 1855 0722 04       		.byte	4
 1856 0723 14       		.byte	20
 1857 0724 05       		.byte	5
 1858 0725 01       		.byte	1
 1859 0726 06       		.byte	6
 1860 0727 20       		.byte	32
 1861 0728 0A       		.byte	10
 1862 0729 40       		.byte	64
 1863 072a 10       		.byte	16
 1864 072b 20       		.byte	32
 1865 072c 12       		.byte	18
 1866 072d 09       		.byte	9
 1867 072e 14       		.byte	20
 1868 072f 08       		.byte	8
 1869 0730 16       		.byte	22
 1870 0731 01       		.byte	1
 1871 0732 19       		.byte	25
 1872 0733 01       		.byte	1
 1873 0734 1A       		.byte	26
 1874 0735 40       		.byte	64
 1875 0736 1D       		.byte	29
 1876 0737 08       		.byte	8
 1877 0738 1F       		.byte	31
 1878 0739 10       		.byte	16
 1879 073a 20       		.byte	32
 1880 073b 10       		.byte	16
 1881 073c 22       		.byte	34
ARM GAS  C:\Users\ekatr\AppData\Local\Temp\ccgdktsl.s 			page 34


 1882 073d 08       		.byte	8
 1883 073e 23       		.byte	35
 1884 073f 10       		.byte	16
 1885 0740 24       		.byte	36
 1886 0741 40       		.byte	64
 1887 0742 25       		.byte	37
 1888 0743 10       		.byte	16
 1889 0744 26       		.byte	38
 1890 0745 05       		.byte	5
 1891 0746 29       		.byte	41
 1892 0747 01       		.byte	1
 1893 0748 2F       		.byte	47
 1894 0749 10       		.byte	16
 1895 074a 30       		.byte	48
 1896 074b 20       		.byte	32
 1897 074c 35       		.byte	53
 1898 074d 01       		.byte	1
 1899 074e 36       		.byte	54
 1900 074f 88       		.byte	-120
 1901 0750 38       		.byte	56
 1902 0751 54       		.byte	84
 1903 0752 3A       		.byte	58
 1904 0753 01       		.byte	1
 1905 0754 3E       		.byte	62
 1906 0755 20       		.byte	32
 1907 0756 3F       		.byte	63
 1908 0757 06       		.byte	6
 1909 0758 45       		.byte	69
 1910 0759 08       		.byte	8
 1911 075a 49       		.byte	73
 1912 075b 20       		.byte	32
 1913 075c 4A       		.byte	74
 1914 075d 04       		.byte	4
 1915 075e 4C       		.byte	76
 1916 075f 20       		.byte	32
 1917 0760 56       		.byte	86
 1918 0761 01       		.byte	1
 1919 0762 57       		.byte	87
 1920 0763 01       		.byte	1
 1921 0764 5A       		.byte	90
 1922 0765 20       		.byte	32
 1923 0766 5B       		.byte	91
 1924 0767 40       		.byte	64
 1925 0768 5D       		.byte	93
 1926 0769 02       		.byte	2
 1927 076a 60       		.byte	96
 1928 076b 0A       		.byte	10
 1929 076c 63       		.byte	99
 1930 076d 04       		.byte	4
 1931 076e 64       		.byte	100
 1932 076f 10       		.byte	16
 1933 0770 65       		.byte	101
 1934 0771 20       		.byte	32
 1935 0772 66       		.byte	102
 1936 0773 82       		.byte	-126
 1937 0774 82       		.byte	-126
 1938 0775 02       		.byte	2
ARM GAS  C:\Users\ekatr\AppData\Local\Temp\ccgdktsl.s 			page 35


 1939 0776 88       		.byte	-120
 1940 0777 12       		.byte	18
 1941 0778 C0       		.byte	-64
 1942 0779 75       		.byte	117
 1943 077a C2       		.byte	-62
 1944 077b 08       		.byte	8
 1945 077c C4       		.byte	-60
 1946 077d C7       		.byte	-57
 1947 077e CA       		.byte	-54
 1948 077f 41       		.byte	65
 1949 0780 CC       		.byte	-52
 1950 0781 D4       		.byte	-44
 1951 0782 CE       		.byte	-50
 1952 0783 EF       		.byte	-17
 1953 0784 D0       		.byte	-48
 1954 0785 40       		.byte	64
 1955 0786 D6       		.byte	-42
 1956 0787 8C       		.byte	-116
 1957 0788 D8       		.byte	-40
 1958 0789 FC       		.byte	-4
 1959 078a 02       		.byte	2
 1960 078b 22       		.byte	34
 1961 078c 03       		.byte	3
 1962 078d 88       		.byte	-120
 1963 078e 09       		.byte	9
 1964 078f 08       		.byte	8
 1965 0790 0A       		.byte	10
 1966 0791 81       		.byte	-127
 1967 0792 11       		.byte	17
 1968 0793 03       		.byte	3
 1969 0794 12       		.byte	18
 1970 0795 40       		.byte	64
 1971 0796 13       		.byte	19
 1972 0797 68       		.byte	104
 1973 0798 18       		.byte	24
 1974 0799 04       		.byte	4
 1975 079a 19       		.byte	25
 1976 079b 04       		.byte	4
 1977 079c 1A       		.byte	26
 1978 079d 90       		.byte	-112
 1979 079e 22       		.byte	34
 1980 079f B5       		.byte	-75
 1981 07a0 29       		.byte	41
 1982 07a1 44       		.byte	68
 1983 07a2 2A       		.byte	42
 1984 07a3 12       		.byte	18
 1985 07a4 31       		.byte	49
 1986 07a5 98       		.byte	-104
 1987 07a6 32       		.byte	50
 1988 07a7 59       		.byte	89
 1989 07a8 38       		.byte	56
 1990 07a9 A8       		.byte	-88
 1991 07aa 39       		.byte	57
 1992 07ab 01       		.byte	1
 1993 07ac 3A       		.byte	58
 1994 07ad 80       		.byte	-128
 1995 07ae 3B       		.byte	59
ARM GAS  C:\Users\ekatr\AppData\Local\Temp\ccgdktsl.s 			page 36


 1996 07af 40       		.byte	64
 1997 07b0 40       		.byte	64
 1998 07b1 04       		.byte	4
 1999 07b2 41       		.byte	65
 2000 07b3 80       		.byte	-128
 2001 07b4 42       		.byte	66
 2002 07b5 90       		.byte	-112
 2003 07b6 49       		.byte	73
 2004 07b7 40       		.byte	64
 2005 07b8 4A       		.byte	74
 2006 07b9 02       		.byte	2
 2007 07ba 4B       		.byte	75
 2008 07bb 01       		.byte	1
 2009 07bc 52       		.byte	82
 2010 07bd 10       		.byte	16
 2011 07be 5A       		.byte	90
 2012 07bf 08       		.byte	8
 2013 07c0 68       		.byte	104
 2014 07c1 04       		.byte	4
 2015 07c2 6B       		.byte	107
 2016 07c3 15       		.byte	21
 2017 07c4 70       		.byte	112
 2018 07c5 14       		.byte	20
 2019 07c6 72       		.byte	114
 2020 07c7 2B       		.byte	43
 2021 07c8 73       		.byte	115
 2022 07c9 28       		.byte	40
 2023 07ca 90       		.byte	-112
 2024 07cb 80       		.byte	-128
 2025 07cc 97       		.byte	-105
 2026 07cd 01       		.byte	1
 2027 07ce 9D       		.byte	-99
 2028 07cf 10       		.byte	16
 2029 07d0 9E       		.byte	-98
 2030 07d1 6A       		.byte	106
 2031 07d2 9F       		.byte	-97
 2032 07d3 15       		.byte	21
 2033 07d4 A2       		.byte	-94
 2034 07d5 0A       		.byte	10
 2035 07d6 A3       		.byte	-93
 2036 07d7 88       		.byte	-120
 2037 07d8 A4       		.byte	-92
 2038 07d9 04       		.byte	4
 2039 07da A5       		.byte	-91
 2040 07db 80       		.byte	-128
 2041 07dc A6       		.byte	-90
 2042 07dd A0       		.byte	-96
 2043 07de B0       		.byte	-80
 2044 07df 80       		.byte	-128
 2045 07e0 B3       		.byte	-77
 2046 07e1 58       		.byte	88
 2047 07e2 C0       		.byte	-64
 2048 07e3 0F       		.byte	15
 2049 07e4 C2       		.byte	-62
 2050 07e5 0D       		.byte	13
 2051 07e6 C4       		.byte	-60
 2052 07e7 0F       		.byte	15
ARM GAS  C:\Users\ekatr\AppData\Local\Temp\ccgdktsl.s 			page 37


 2053 07e8 CA       		.byte	-54
 2054 07e9 0F       		.byte	15
 2055 07ea CC       		.byte	-52
 2056 07eb 0F       		.byte	15
 2057 07ec CE       		.byte	-50
 2058 07ed 0F       		.byte	15
 2059 07ee D0       		.byte	-48
 2060 07ef 0F       		.byte	15
 2061 07f0 D2       		.byte	-46
 2062 07f1 08       		.byte	8
 2063 07f2 D6       		.byte	-42
 2064 07f3 02       		.byte	2
 2065 07f4 8D       		.byte	-115
 2066 07f5 01       		.byte	1
 2067 07f6 A5       		.byte	-91
 2068 07f7 01       		.byte	1
 2069 07f8 33       		.byte	51
 2070 07f9 80       		.byte	-128
 2071 07fa 83       		.byte	-125
 2072 07fb 80       		.byte	-128
 2073 07fc CC       		.byte	-52
 2074 07fd 10       		.byte	16
 2075 07fe E6       		.byte	-26
 2076 07ff 20       		.byte	32
 2077 0800 51       		.byte	81
 2078 0801 22       		.byte	34
 2079 0802 5F       		.byte	95
 2080 0803 80       		.byte	-128
 2081 0804 67       		.byte	103
 2082 0805 08       		.byte	8
 2083 0806 83       		.byte	-125
 2084 0807 80       		.byte	-128
 2085 0808 D4       		.byte	-44
 2086 0809 A0       		.byte	-96
 2087 080a D6       		.byte	-42
 2088 080b 20       		.byte	32
 2089 080c D8       		.byte	-40
 2090 080d 80       		.byte	-128
 2091 080e E2       		.byte	-30
 2092 080f 80       		.byte	-128
 2093 0810 A5       		.byte	-91
 2094 0811 02       		.byte	2
 2095 0812 AF       		.byte	-81
 2096 0813 04       		.byte	4
 2097 0814 B1       		.byte	-79
 2098 0815 20       		.byte	32
 2099 0816 EE       		.byte	-18
 2100 0817 10       		.byte	16
 2101 0818 8D       		.byte	-115
 2102 0819 02       		.byte	2
 2103 081a A5       		.byte	-91
 2104 081b 02       		.byte	2
 2105 081c 73       		.byte	115
 2106 081d 10       		.byte	16
 2107 081e DC       		.byte	-36
 2108 081f 01       		.byte	1
 2109 0820 00       		.byte	0
ARM GAS  C:\Users\ekatr\AppData\Local\Temp\ccgdktsl.s 			page 38


 2110 0821 10       		.byte	16
 2111 0822 04       		.byte	4
 2112 0823 28       		.byte	40
 2113 0824 56       		.byte	86
 2114 0825 02       		.byte	2
 2115 0826 86       		.byte	-122
 2116 0827 02       		.byte	2
 2117 0828 97       		.byte	-105
 2118 0829 10       		.byte	16
 2119 082a C0       		.byte	-64
 2120 082b 07       		.byte	7
 2121 082c D6       		.byte	-42
 2122 082d 04       		.byte	4
 2123 082e 87       		.byte	-121
 2124 082f 10       		.byte	16
 2125 0830 97       		.byte	-105
 2126 0831 10       		.byte	16
 2127 0832 A8       		.byte	-88
 2128 0833 10       		.byte	16
 2129 0834 B4       		.byte	-76
 2130 0835 14       		.byte	20
 2131 0836 EA       		.byte	-22
 2132 0837 08       		.byte	8
 2133 0838 EE       		.byte	-18
 2134 0839 02       		.byte	2
 2135 083a 12       		.byte	18
 2136 083b 20       		.byte	32
 2137 083c 8E       		.byte	-114
 2138 083d 20       		.byte	32
 2139 083e C4       		.byte	-60
 2140 083f 08       		.byte	8
 2141 0840 E2       		.byte	-30
 2142 0841 08       		.byte	8
 2143 0842 00       		.byte	0
 2144 0843 07       		.byte	7
 2145 0844 08       		.byte	8
 2146 0845 02       		.byte	2
 2147 0846 0A       		.byte	10
 2148 0847 02       		.byte	2
 2149 0848 0C       		.byte	12
 2150 0849 07       		.byte	7
 2151 084a 0E       		.byte	14
 2152 084b 05       		.byte	5
 2153 084c 10       		.byte	16
 2154 084d 04       		.byte	4
 2155 084e 1C       		.byte	28
 2156 084f 04       		.byte	4
 2157 0850 00       		.byte	0
 2158 0851 03       		.byte	3
 2159 0852 00       		.byte	0
 2160 0853 00       		.byte	0
 2161 0854 02       		.byte	2
 2162 0855 04       		.byte	4
 2163 0856 20       		.byte	32
 2164 0857 40       		.byte	64
 2165 0858 4C       		.byte	76
 2166 0859 18       		.byte	24
ARM GAS  C:\Users\ekatr\AppData\Local\Temp\ccgdktsl.s 			page 39


 2167 085a 03       		.byte	3
 2168 085b 00       		.byte	0
 2169 085c 03       		.byte	3
 2170 085d 08       		.byte	8
 2171 085e 10       		.byte	16
 2172 085f 00       		.byte	0
 2173 0860 00       		.byte	0
 2174 0861 3F       		.byte	63
 2175 0862 43       		.byte	67
 2176 0863 00       		.byte	0
 2177 0864 43       		.byte	67
 2178 0865 00       		.byte	0
 2179 0866 0C       		.byte	12
 2180 0867 04       		.byte	4
 2181 0868 0F       		.byte	15
 2182 0869 3C       		.byte	60
 2183 086a 40       		.byte	64
 2184 086b 01       		.byte	1
 2185 086c 00       		.byte	0
 2186 086d 3C       		.byte	60
 2187 086e 00       		.byte	0
 2188 086f 02       		.byte	2
 2189 0870 08       		.byte	8
 2190 0871 27       		.byte	39
 2191 0872 00       		.byte	0
 2192 0873 18       		.byte	24
 2193 0874 01       		.byte	1
 2194 0875 10       		.byte	16
 2195 0876 20       		.byte	32
 2196 0877 00       		.byte	0
 2197 0878 04       		.byte	4
 2198 0879 00       		.byte	0
 2199 087a 00       		.byte	0
 2200 087b 80       		.byte	-128
 2201 087c 0C       		.byte	12
 2202 087d 00       		.byte	0
 2203 087e 00       		.byte	0
 2204 087f 80       		.byte	-128
 2205 0880 4F       		.byte	79
 2206 0881 00       		.byte	0
 2207 0882 00       		.byte	0
 2208 0883 03       		.byte	3
 2209 0884 0F       		.byte	15
 2210 0885 40       		.byte	64
 2211 0886 4C       		.byte	76
 2212 0887 20       		.byte	32
 2213 0888 30       		.byte	48
 2214 0889 1F       		.byte	31
 2215 088a 00       		.byte	0
 2216 088b 80       		.byte	-128
 2217 088c 00       		.byte	0
 2218 088d 00       		.byte	0
 2219 088e 02       		.byte	2
 2220 088f 20       		.byte	32
 2221 0890 00       		.byte	0
 2222 0891 00       		.byte	0
 2223 0892 10       		.byte	16
ARM GAS  C:\Users\ekatr\AppData\Local\Temp\ccgdktsl.s 			page 40


 2224 0893 44       		.byte	68
 2225 0894 15       		.byte	21
 2226 0895 04       		.byte	4
 2227 0896 03       		.byte	3
 2228 0897 00       		.byte	0
 2229 0898 02       		.byte	2
 2230 0899 E0       		.byte	-32
 2231 089a C0       		.byte	-64
 2232 089b 00       		.byte	0
 2233 089c 0A       		.byte	10
 2234 089d FF       		.byte	-1
 2235 089e FF       		.byte	-1
 2236 089f FF       		.byte	-1
 2237 08a0 62       		.byte	98
 2238 08a1 A0       		.byte	-96
 2239 08a2 F0       		.byte	-16
 2240 08a3 41       		.byte	65
 2241 08a4 0C       		.byte	12
 2242 08a5 00       		.byte	0
 2243 08a6 00       		.byte	0
 2244 08a7 00       		.byte	0
 2245 08a8 00       		.byte	0
 2246 08a9 00       		.byte	0
 2247 08aa 02       		.byte	2
 2248 08ab 12       		.byte	18
 2249 08ac 04       		.byte	4
 2250 08ad 04       		.byte	4
 2251 08ae 04       		.byte	4
 2252 08af 04       		.byte	4
 2253 08b0 22       		.byte	34
 2254 08b1 22       		.byte	34
 2255 08b2 00       		.byte	0
 2256 08b3 01       		.byte	1
 2257 08b4 00       		.byte	0
 2258 08b5 00       		.byte	0
 2259 08b6 00       		.byte	0
 2260 08b7 00       		.byte	0
 2261 08b8 00       		.byte	0
 2262 08b9 00       		.byte	0
 2263 08ba 40       		.byte	64
 2264 08bb 02       		.byte	2
 2265 08bc 00       		.byte	0
 2266 08bd 10       		.byte	16
 2267 08be 30       		.byte	48
 2268 08bf 10       		.byte	16
 2269 08c0 00       		.byte	0
 2270 08c1 10       		.byte	16
 2271 08c2 10       		.byte	16
 2272 08c3 12       		.byte	18
 2273 08c4 00       		.byte	0
 2274 08c5 00       		.byte	0
 2275 08c6 00       		.byte	0
 2276 08c7 00       		.byte	0
 2277 08c8 00       		.byte	0
 2278 08c9 00       		.byte	0
 2279 08ca 00       		.byte	0
 2280 08cb 00       		.byte	0
ARM GAS  C:\Users\ekatr\AppData\Local\Temp\ccgdktsl.s 			page 41


 2281 08cc 00       		.byte	0
 2282 08cd 00       		.byte	0
 2283 08ce 00       		.byte	0
 2284 08cf 00       		.byte	0
 2285 08d0 00       		.byte	0
 2286 08d1 00       		.byte	0
 2287 08d2 00       		.byte	0
 2288 08d3 00       		.byte	0
 2289 08d4 00       		.byte	0
 2290 08d5 1E       		.byte	30
 2291 08d6 1E       		.byte	30
 2292 08d7 00       		.byte	0
 2293 08d8 1E       		.byte	30
 2294 08d9 00       		.byte	0
 2295 08da 00       		.byte	0
 2296 08db 00       		.byte	0
 2297 08dc 80       		.byte	-128
 2298 08dd 00       		.byte	0
 2299 08de 40       		.byte	64
 2300 08df 80       		.byte	-128
 2301 08e0 80       		.byte	-128
 2302 08e1 00       		.byte	0
 2303 08e2 80       		.byte	-128
 2304 08e3 00       		.byte	0
 2305 08e4 00       		.byte	0
 2306 08e5 00       		.byte	0
 2307 08e6 00       		.byte	0
 2308 08e7 00       		.byte	0
 2309 08e8 00       		.byte	0
 2310 08e9 0B       		.byte	11
 2311 08ea 0B       		.byte	11
 2312 08eb 00       		.byte	0
 2313 08ec 00       		.byte	0
 2314 08ed 00       		.byte	0
 2315 08ee 00       		.byte	0
 2316 08ef 00       		.byte	0
 2317 08f0 0E       		.byte	14
 2318 08f1 01       		.byte	1
 2319 08f2 01       		.byte	1
 2320 08f3 00       		.byte	0
 2321 08f4 01       		.byte	1
 2322 08f5 00       		.byte	0
 2323 08f6 00       		.byte	0
 2324 08f7 00       		.byte	0
 2325              		.section	.cywolatch,"a",%progbits
 2326              		.align	2
 2327              		.type	cy_meta_wonvl, %object
 2328              		.size	cy_meta_wonvl, 4
 2329              	cy_meta_wonvl:
 2330 0000 BC       		.byte	-68
 2331 0001 90       		.byte	-112
 2332 0002 AC       		.byte	-84
 2333 0003 AF       		.byte	-81
 2334              		.section	.cycustnvl,"a",%progbits
 2335              		.align	2
 2336              		.type	cy_meta_custnvl, %object
 2337              		.size	cy_meta_custnvl, 4
ARM GAS  C:\Users\ekatr\AppData\Local\Temp\ccgdktsl.s 			page 42


 2338              	cy_meta_custnvl:
 2339 0000 00       		.byte	0
 2340 0001 00       		.byte	0
 2341 0002 40       		.byte	64
 2342 0003 05       		.byte	5
 2343              		.section	.cymeta,"a",%progbits
 2344              		.align	2
 2345              		.type	cy_metadata, %object
 2346              		.size	cy_metadata, 12
 2347              	cy_metadata:
 2348 0000 00       		.byte	0
 2349 0001 01       		.byte	1
 2350 0002 2E       		.byte	46
 2351 0003 16       		.byte	22
 2352 0004 10       		.byte	16
 2353 0005 69       		.byte	105
 2354 0006 00       		.byte	0
 2355 0007 01       		.byte	1
 2356 0008 00       		.byte	0
 2357 0009 00       		.byte	0
 2358 000a 00       		.byte	0
 2359 000b 00       		.byte	0
 2360              		.section	.cyflashprotect,"a",%progbits
 2361              		.align	2
 2362              		.type	cy_meta_flashprotect, %object
 2363              		.size	cy_meta_flashprotect, 256
 2364              	cy_meta_flashprotect:
 2365 0000 00000000 		.space	256
 2365      00000000 
 2365      00000000 
 2365      00000000 
 2365      00000000 
 2366              		.text
 2367              	.Letext0:
 2368              		.file 1 "c:\\program files (x86)\\cypress\\psoc creator\\4.4\\psoc creator\\import\\gnu\\arm\\5.4.
 2369              		.file 2 "c:\\program files (x86)\\cypress\\psoc creator\\4.4\\psoc creator\\import\\gnu\\arm\\5.4.
 2370              		.file 3 "Generated_Source\\PSoC5\\cymetadata.c"
 2371              		.section	.debug_info,"",%progbits
 2372              	.Ldebug_info0:
 2373 0000 35010000 		.4byte	0x135
 2374 0004 0400     		.2byte	0x4
 2375 0006 00000000 		.4byte	.Ldebug_abbrev0
 2376 000a 04       		.byte	0x4
 2377 000b 01       		.uleb128 0x1
 2378 000c 76000000 		.4byte	.LASF17
 2379 0010 0C       		.byte	0xc
 2380 0011 D0010000 		.4byte	.LASF18
 2381 0015 0A000000 		.4byte	.LASF19
 2382 0019 00000000 		.4byte	.Ldebug_line0
 2383 001d 02       		.uleb128 0x2
 2384 001e 01       		.byte	0x1
 2385 001f 06       		.byte	0x6
 2386 0020 C4010000 		.4byte	.LASF0
 2387 0024 03       		.uleb128 0x3
 2388 0025 00000000 		.4byte	.LASF9
 2389 0029 01       		.byte	0x1
 2390 002a 1D       		.byte	0x1d
ARM GAS  C:\Users\ekatr\AppData\Local\Temp\ccgdktsl.s 			page 43


 2391 002b 2F000000 		.4byte	0x2f
 2392 002f 02       		.uleb128 0x2
 2393 0030 01       		.byte	0x1
 2394 0031 08       		.byte	0x8
 2395 0032 68000000 		.4byte	.LASF1
 2396 0036 02       		.uleb128 0x2
 2397 0037 02       		.byte	0x2
 2398 0038 05       		.byte	0x5
 2399 0039 B1010000 		.4byte	.LASF2
 2400 003d 02       		.uleb128 0x2
 2401 003e 02       		.byte	0x2
 2402 003f 07       		.byte	0x7
 2403 0040 16010000 		.4byte	.LASF3
 2404 0044 02       		.uleb128 0x2
 2405 0045 04       		.byte	0x4
 2406 0046 05       		.byte	0x5
 2407 0047 BB010000 		.4byte	.LASF4
 2408 004b 02       		.uleb128 0x2
 2409 004c 04       		.byte	0x4
 2410 004d 07       		.byte	0x7
 2411 004e 04010000 		.4byte	.LASF5
 2412 0052 02       		.uleb128 0x2
 2413 0053 08       		.byte	0x8
 2414 0054 05       		.byte	0x5
 2415 0055 A3010000 		.4byte	.LASF6
 2416 0059 02       		.uleb128 0x2
 2417 005a 08       		.byte	0x8
 2418 005b 07       		.byte	0x7
 2419 005c 58010000 		.4byte	.LASF7
 2420 0060 04       		.uleb128 0x4
 2421 0061 04       		.byte	0x4
 2422 0062 05       		.byte	0x5
 2423 0063 696E7400 		.ascii	"int\000"
 2424 0067 02       		.uleb128 0x2
 2425 0068 04       		.byte	0x4
 2426 0069 07       		.byte	0x7
 2427 006a 4B010000 		.4byte	.LASF8
 2428 006e 03       		.uleb128 0x3
 2429 006f 6F010000 		.4byte	.LASF10
 2430 0073 02       		.byte	0x2
 2431 0074 18       		.byte	0x18
 2432 0075 24000000 		.4byte	0x24
 2433 0079 05       		.uleb128 0x5
 2434 007a 91000000 		.4byte	0x91
 2435 007e 8A000000 		.4byte	0x8a
 2436 0082 06       		.uleb128 0x6
 2437 0083 8A000000 		.4byte	0x8a
 2438 0087 F708     		.2byte	0x8f7
 2439 0089 00       		.byte	0
 2440 008a 02       		.uleb128 0x2
 2441 008b 04       		.byte	0x4
 2442 008c 07       		.byte	0x7
 2443 008d 9A010000 		.4byte	.LASF11
 2444 0091 07       		.uleb128 0x7
 2445 0092 6E000000 		.4byte	0x6e
 2446 0096 08       		.uleb128 0x8
 2447 0097 39010000 		.4byte	.LASF12
ARM GAS  C:\Users\ekatr\AppData\Local\Temp\ccgdktsl.s 			page 44


 2448 009b 03       		.byte	0x3
 2449 009c 1F       		.byte	0x1f
 2450 009d A7000000 		.4byte	0xa7
 2451 00a1 05       		.uleb128 0x5
 2452 00a2 03       		.byte	0x3
 2453 00a3 00000000 		.4byte	cy_meta_configecc
 2454 00a7 07       		.uleb128 0x7
 2455 00a8 79000000 		.4byte	0x79
 2456 00ac 05       		.uleb128 0x5
 2457 00ad 91000000 		.4byte	0x91
 2458 00b1 BC000000 		.4byte	0xbc
 2459 00b5 09       		.uleb128 0x9
 2460 00b6 8A000000 		.4byte	0x8a
 2461 00ba 03       		.byte	0x3
 2462 00bb 00       		.byte	0
 2463 00bc 0A       		.uleb128 0xa
 2464 00bd 29010000 		.4byte	.LASF13
 2465 00c1 03       		.byte	0x3
 2466 00c2 4B01     		.2byte	0x14b
 2467 00c4 CE000000 		.4byte	0xce
 2468 00c8 05       		.uleb128 0x5
 2469 00c9 03       		.byte	0x3
 2470 00ca 00000000 		.4byte	cy_meta_custnvl
 2471 00ce 07       		.uleb128 0x7
 2472 00cf AC000000 		.4byte	0xac
 2473 00d3 0A       		.uleb128 0xa
 2474 00d4 8C010000 		.4byte	.LASF14
 2475 00d8 03       		.byte	0x3
 2476 00d9 5901     		.2byte	0x159
 2477 00db E5000000 		.4byte	0xe5
 2478 00df 05       		.uleb128 0x5
 2479 00e0 03       		.byte	0x3
 2480 00e1 00000000 		.4byte	cy_meta_wonvl
 2481 00e5 07       		.uleb128 0x7
 2482 00e6 AC000000 		.4byte	0xac
 2483 00ea 05       		.uleb128 0x5
 2484 00eb 91000000 		.4byte	0x91
 2485 00ef FA000000 		.4byte	0xfa
 2486 00f3 09       		.uleb128 0x9
 2487 00f4 8A000000 		.4byte	0x8a
 2488 00f8 FF       		.byte	0xff
 2489 00f9 00       		.byte	0
 2490 00fa 0A       		.uleb128 0xa
 2491 00fb 77010000 		.4byte	.LASF15
 2492 00ff 03       		.byte	0x3
 2493 0100 6701     		.2byte	0x167
 2494 0102 0C010000 		.4byte	0x10c
 2495 0106 05       		.uleb128 0x5
 2496 0107 03       		.byte	0x3
 2497 0108 00000000 		.4byte	cy_meta_flashprotect
 2498 010c 07       		.uleb128 0x7
 2499 010d EA000000 		.4byte	0xea
 2500 0111 05       		.uleb128 0x5
 2501 0112 91000000 		.4byte	0x91
 2502 0116 21010000 		.4byte	0x121
 2503 011a 09       		.uleb128 0x9
 2504 011b 8A000000 		.4byte	0x8a
ARM GAS  C:\Users\ekatr\AppData\Local\Temp\ccgdktsl.s 			page 45


 2505 011f 0B       		.byte	0xb
 2506 0120 00       		.byte	0
 2507 0121 0A       		.uleb128 0xa
 2508 0122 5C000000 		.4byte	.LASF16
 2509 0126 03       		.byte	0x3
 2510 0127 9401     		.2byte	0x194
 2511 0129 33010000 		.4byte	0x133
 2512 012d 05       		.uleb128 0x5
 2513 012e 03       		.byte	0x3
 2514 012f 00000000 		.4byte	cy_metadata
 2515 0133 07       		.uleb128 0x7
 2516 0134 11010000 		.4byte	0x111
 2517 0138 00       		.byte	0
 2518              		.section	.debug_abbrev,"",%progbits
 2519              	.Ldebug_abbrev0:
 2520 0000 01       		.uleb128 0x1
 2521 0001 11       		.uleb128 0x11
 2522 0002 01       		.byte	0x1
 2523 0003 25       		.uleb128 0x25
 2524 0004 0E       		.uleb128 0xe
 2525 0005 13       		.uleb128 0x13
 2526 0006 0B       		.uleb128 0xb
 2527 0007 03       		.uleb128 0x3
 2528 0008 0E       		.uleb128 0xe
 2529 0009 1B       		.uleb128 0x1b
 2530 000a 0E       		.uleb128 0xe
 2531 000b 10       		.uleb128 0x10
 2532 000c 17       		.uleb128 0x17
 2533 000d 00       		.byte	0
 2534 000e 00       		.byte	0
 2535 000f 02       		.uleb128 0x2
 2536 0010 24       		.uleb128 0x24
 2537 0011 00       		.byte	0
 2538 0012 0B       		.uleb128 0xb
 2539 0013 0B       		.uleb128 0xb
 2540 0014 3E       		.uleb128 0x3e
 2541 0015 0B       		.uleb128 0xb
 2542 0016 03       		.uleb128 0x3
 2543 0017 0E       		.uleb128 0xe
 2544 0018 00       		.byte	0
 2545 0019 00       		.byte	0
 2546 001a 03       		.uleb128 0x3
 2547 001b 16       		.uleb128 0x16
 2548 001c 00       		.byte	0
 2549 001d 03       		.uleb128 0x3
 2550 001e 0E       		.uleb128 0xe
 2551 001f 3A       		.uleb128 0x3a
 2552 0020 0B       		.uleb128 0xb
 2553 0021 3B       		.uleb128 0x3b
 2554 0022 0B       		.uleb128 0xb
 2555 0023 49       		.uleb128 0x49
 2556 0024 13       		.uleb128 0x13
 2557 0025 00       		.byte	0
 2558 0026 00       		.byte	0
 2559 0027 04       		.uleb128 0x4
 2560 0028 24       		.uleb128 0x24
 2561 0029 00       		.byte	0
ARM GAS  C:\Users\ekatr\AppData\Local\Temp\ccgdktsl.s 			page 46


 2562 002a 0B       		.uleb128 0xb
 2563 002b 0B       		.uleb128 0xb
 2564 002c 3E       		.uleb128 0x3e
 2565 002d 0B       		.uleb128 0xb
 2566 002e 03       		.uleb128 0x3
 2567 002f 08       		.uleb128 0x8
 2568 0030 00       		.byte	0
 2569 0031 00       		.byte	0
 2570 0032 05       		.uleb128 0x5
 2571 0033 01       		.uleb128 0x1
 2572 0034 01       		.byte	0x1
 2573 0035 49       		.uleb128 0x49
 2574 0036 13       		.uleb128 0x13
 2575 0037 01       		.uleb128 0x1
 2576 0038 13       		.uleb128 0x13
 2577 0039 00       		.byte	0
 2578 003a 00       		.byte	0
 2579 003b 06       		.uleb128 0x6
 2580 003c 21       		.uleb128 0x21
 2581 003d 00       		.byte	0
 2582 003e 49       		.uleb128 0x49
 2583 003f 13       		.uleb128 0x13
 2584 0040 2F       		.uleb128 0x2f
 2585 0041 05       		.uleb128 0x5
 2586 0042 00       		.byte	0
 2587 0043 00       		.byte	0
 2588 0044 07       		.uleb128 0x7
 2589 0045 26       		.uleb128 0x26
 2590 0046 00       		.byte	0
 2591 0047 49       		.uleb128 0x49
 2592 0048 13       		.uleb128 0x13
 2593 0049 00       		.byte	0
 2594 004a 00       		.byte	0
 2595 004b 08       		.uleb128 0x8
 2596 004c 34       		.uleb128 0x34
 2597 004d 00       		.byte	0
 2598 004e 03       		.uleb128 0x3
 2599 004f 0E       		.uleb128 0xe
 2600 0050 3A       		.uleb128 0x3a
 2601 0051 0B       		.uleb128 0xb
 2602 0052 3B       		.uleb128 0x3b
 2603 0053 0B       		.uleb128 0xb
 2604 0054 49       		.uleb128 0x49
 2605 0055 13       		.uleb128 0x13
 2606 0056 3F       		.uleb128 0x3f
 2607 0057 19       		.uleb128 0x19
 2608 0058 02       		.uleb128 0x2
 2609 0059 18       		.uleb128 0x18
 2610 005a 00       		.byte	0
 2611 005b 00       		.byte	0
 2612 005c 09       		.uleb128 0x9
 2613 005d 21       		.uleb128 0x21
 2614 005e 00       		.byte	0
 2615 005f 49       		.uleb128 0x49
 2616 0060 13       		.uleb128 0x13
 2617 0061 2F       		.uleb128 0x2f
 2618 0062 0B       		.uleb128 0xb
ARM GAS  C:\Users\ekatr\AppData\Local\Temp\ccgdktsl.s 			page 47


 2619 0063 00       		.byte	0
 2620 0064 00       		.byte	0
 2621 0065 0A       		.uleb128 0xa
 2622 0066 34       		.uleb128 0x34
 2623 0067 00       		.byte	0
 2624 0068 03       		.uleb128 0x3
 2625 0069 0E       		.uleb128 0xe
 2626 006a 3A       		.uleb128 0x3a
 2627 006b 0B       		.uleb128 0xb
 2628 006c 3B       		.uleb128 0x3b
 2629 006d 05       		.uleb128 0x5
 2630 006e 49       		.uleb128 0x49
 2631 006f 13       		.uleb128 0x13
 2632 0070 3F       		.uleb128 0x3f
 2633 0071 19       		.uleb128 0x19
 2634 0072 02       		.uleb128 0x2
 2635 0073 18       		.uleb128 0x18
 2636 0074 00       		.byte	0
 2637 0075 00       		.byte	0
 2638 0076 00       		.byte	0
 2639              		.section	.debug_aranges,"",%progbits
 2640 0000 14000000 		.4byte	0x14
 2641 0004 0200     		.2byte	0x2
 2642 0006 00000000 		.4byte	.Ldebug_info0
 2643 000a 04       		.byte	0x4
 2644 000b 00       		.byte	0
 2645 000c 0000     		.2byte	0
 2646 000e 0000     		.2byte	0
 2647 0010 00000000 		.4byte	0
 2648 0014 00000000 		.4byte	0
 2649              		.section	.debug_line,"",%progbits
 2650              	.Ldebug_line0:
 2651 0000 3D010000 		.section	.debug_str,"MS",%progbits,1
 2651      02003701 
 2651      00000201 
 2651      FB0E0D00 
 2651      01010101 
 2652              	.LASF9:
 2653 0000 5F5F7569 		.ascii	"__uint8_t\000"
 2653      6E74385F 
 2653      7400
 2654              	.LASF19:
 2655 000a 433A5C55 		.ascii	"C:\\Users\\ekatr\\Documents\\Uni\\FYP\\Movement Sys"
 2655      73657273 
 2655      5C656B61 
 2655      74725C44 
 2655      6F63756D 
 2656 0037 74656D5C 		.ascii	"tem\\Game Piece Movement System.cydsn\000"
 2656      47616D65 
 2656      20506965 
 2656      6365204D 
 2656      6F76656D 
 2657              	.LASF16:
 2658 005c 63795F6D 		.ascii	"cy_metadata\000"
 2658      65746164 
 2658      61746100 
 2659              	.LASF1:
ARM GAS  C:\Users\ekatr\AppData\Local\Temp\ccgdktsl.s 			page 48


 2660 0068 756E7369 		.ascii	"unsigned char\000"
 2660      676E6564 
 2660      20636861 
 2660      7200
 2661              	.LASF17:
 2662 0076 474E5520 		.ascii	"GNU C11 5.4.1 20160609 (release) [ARM/embedded-5-br"
 2662      43313120 
 2662      352E342E 
 2662      31203230 
 2662      31363036 
 2663 00a9 616E6368 		.ascii	"anch revision 237715] -mcpu=cortex-m3 -mthumb -g -O"
 2663      20726576 
 2663      6973696F 
 2663      6E203233 
 2663      37373135 
 2664 00dc 67202D66 		.ascii	"g -ffunction-sections -ffat-lto-objects\000"
 2664      66756E63 
 2664      74696F6E 
 2664      2D736563 
 2664      74696F6E 
 2665              	.LASF5:
 2666 0104 6C6F6E67 		.ascii	"long unsigned int\000"
 2666      20756E73 
 2666      69676E65 
 2666      6420696E 
 2666      7400
 2667              	.LASF3:
 2668 0116 73686F72 		.ascii	"short unsigned int\000"
 2668      7420756E 
 2668      7369676E 
 2668      65642069 
 2668      6E7400
 2669              	.LASF13:
 2670 0129 63795F6D 		.ascii	"cy_meta_custnvl\000"
 2670      6574615F 
 2670      63757374 
 2670      6E766C00 
 2671              	.LASF12:
 2672 0139 63795F6D 		.ascii	"cy_meta_configecc\000"
 2672      6574615F 
 2672      636F6E66 
 2672      69676563 
 2672      6300
 2673              	.LASF8:
 2674 014b 756E7369 		.ascii	"unsigned int\000"
 2674      676E6564 
 2674      20696E74 
 2674      00
 2675              	.LASF7:
 2676 0158 6C6F6E67 		.ascii	"long long unsigned int\000"
 2676      206C6F6E 
 2676      6720756E 
 2676      7369676E 
 2676      65642069 
 2677              	.LASF10:
 2678 016f 75696E74 		.ascii	"uint8_t\000"
 2678      385F7400 
ARM GAS  C:\Users\ekatr\AppData\Local\Temp\ccgdktsl.s 			page 49


 2679              	.LASF15:
 2680 0177 63795F6D 		.ascii	"cy_meta_flashprotect\000"
 2680      6574615F 
 2680      666C6173 
 2680      6870726F 
 2680      74656374 
 2681              	.LASF14:
 2682 018c 63795F6D 		.ascii	"cy_meta_wonvl\000"
 2682      6574615F 
 2682      776F6E76 
 2682      6C00
 2683              	.LASF11:
 2684 019a 73697A65 		.ascii	"sizetype\000"
 2684      74797065 
 2684      00
 2685              	.LASF6:
 2686 01a3 6C6F6E67 		.ascii	"long long int\000"
 2686      206C6F6E 
 2686      6720696E 
 2686      7400
 2687              	.LASF2:
 2688 01b1 73686F72 		.ascii	"short int\000"
 2688      7420696E 
 2688      7400
 2689              	.LASF4:
 2690 01bb 6C6F6E67 		.ascii	"long int\000"
 2690      20696E74 
 2690      00
 2691              	.LASF0:
 2692 01c4 7369676E 		.ascii	"signed char\000"
 2692      65642063 
 2692      68617200 
 2693              	.LASF18:
 2694 01d0 47656E65 		.ascii	"Generated_Source\\PSoC5\\cymetadata.c\000"
 2694      72617465 
 2694      645F536F 
 2694      75726365 
 2694      5C50536F 
 2695              		.ident	"GCC: (GNU Tools for ARM Embedded Processors) 5.4.1 20160609 (release) [ARM/embedded-5-bran
