ARM GAS  C:\Users\Elijah\AppData\Local\Temp\ccQIhSaX.s 			page 1


   1              		.syntax unified
   2              		.cpu cortex-m3
   3              		.fpu softvfp
   4              		.eabi_attribute 20, 1
   5              		.eabi_attribute 21, 1
   6              		.eabi_attribute 23, 3
   7              		.eabi_attribute 24, 1
   8              		.eabi_attribute 25, 1
   9              		.eabi_attribute 26, 1
  10              		.eabi_attribute 30, 1
  11              		.eabi_attribute 34, 1
  12              		.eabi_attribute 18, 4
  13              		.thumb
  14              		.syntax unified
  15              		.file	"cymetadata.c"
  16              		.text
  17              	.Ltext0:
  18              		.cfi_sections	.debug_frame
  19              		.global	cy_metadata
  20              		.global	cy_meta_flashprotect
  21              		.global	cy_meta_wonvl
  22              		.global	cy_meta_custnvl
  23              		.global	cy_meta_configecc
  24              		.section	.cyconfigecc,"a",%progbits
  25              		.align	2
  26              		.type	cy_meta_configecc, %object
  27              		.size	cy_meta_configecc, 1032
  28              	cy_meta_configecc:
  29 0000 02       		.byte	2
  30 0001 52       		.byte	82
  31 0002 00       		.byte	0
  32 0003 40       		.byte	64
  33 0004 02       		.byte	2
  34 0005 64       		.byte	100
  35 0006 00       		.byte	0
  36 0007 40       		.byte	64
  37 0008 02       		.byte	2
  38 0009 65       		.byte	101
  39 000a 00       		.byte	0
  40 000b 40       		.byte	64
  41 000c 41       		.byte	65
  42 000d 04       		.byte	4
  43 000e 01       		.byte	1
  44 000f 40       		.byte	64
  45 0010 20       		.byte	32
  46 0011 05       		.byte	5
  47 0012 01       		.byte	1
  48 0013 40       		.byte	64
  49 0014 4E       		.byte	78
  50 0015 06       		.byte	6
  51 0016 01       		.byte	1
  52 0017 40       		.byte	64
  53 0018 21       		.byte	33
  54 0019 07       		.byte	7
  55 001a 01       		.byte	1
  56 001b 40       		.byte	64
  57 001c 53       		.byte	83
ARM GAS  C:\Users\Elijah\AppData\Local\Temp\ccQIhSaX.s 			page 2


  58 001d 14       		.byte	20
  59 001e 01       		.byte	1
  60 001f 40       		.byte	64
  61 0020 27       		.byte	39
  62 0021 15       		.byte	21
  63 0022 01       		.byte	1
  64 0023 40       		.byte	64
  65 0024 51       		.byte	81
  66 0025 16       		.byte	22
  67 0026 01       		.byte	1
  68 0027 40       		.byte	64
  69 0028 23       		.byte	35
  70 0029 17       		.byte	23
  71 002a 01       		.byte	1
  72 002b 40       		.byte	64
  73 002c 06       		.byte	6
  74 002d 41       		.byte	65
  75 002e 01       		.byte	1
  76 002f 40       		.byte	64
  77 0030 05       		.byte	5
  78 0031 42       		.byte	66
  79 0032 01       		.byte	1
  80 0033 40       		.byte	64
  81 0034 03       		.byte	3
  82 0035 43       		.byte	67
  83 0036 01       		.byte	1
  84 0037 40       		.byte	64
  85 0038 05       		.byte	5
  86 0039 48       		.byte	72
  87 003a 01       		.byte	1
  88 003b 40       		.byte	64
  89 003c 04       		.byte	4
  90 003d 50       		.byte	80
  91 003e 01       		.byte	1
  92 003f 40       		.byte	64
  93 0040 00       		.byte	0
  94 0041 06       		.byte	6
  95 0042 01       		.byte	1
  96 0043 03       		.byte	3
  97 0044 85       		.byte	-123
  98 0045 0D       		.byte	13
  99 0046 87       		.byte	-121
 100 0047 0F       		.byte	15
 101 0048 85       		.byte	-123
 102 0049 0F       		.byte	15
 103 004a 87       		.byte	-121
 104 004b 0F       		.byte	15
 105 004c 06       		.byte	6
 106 004d 01       		.byte	1
 107 004e 34       		.byte	52
 108 004f 01       		.byte	1
 109 0050 40       		.byte	64
 110 0051 30       		.byte	48
 111 0052 41       		.byte	65
 112 0053 02       		.byte	2
 113 0054 49       		.byte	73
 114 0055 FF       		.byte	-1
ARM GAS  C:\Users\Elijah\AppData\Local\Temp\ccQIhSaX.s 			page 3


 115 0056 4A       		.byte	74
 116 0057 FF       		.byte	-1
 117 0058 4B       		.byte	75
 118 0059 FF       		.byte	-1
 119 005a 4D       		.byte	77
 120 005b A0       		.byte	-96
 121 005c 4F       		.byte	79
 122 005d 04       		.byte	4
 123 005e 50       		.byte	80
 124 005f 18       		.byte	24
 125 0060 58       		.byte	88
 126 0061 04       		.byte	4
 127 0062 5A       		.byte	90
 128 0063 04       		.byte	4
 129 0064 5F       		.byte	95
 130 0065 01       		.byte	1
 131 0066 60       		.byte	96
 132 0067 40       		.byte	64
 133 0068 62       		.byte	98
 134 0069 C0       		.byte	-64
 135 006a 64       		.byte	100
 136 006b 40       		.byte	64
 137 006c 65       		.byte	101
 138 006d 40       		.byte	64
 139 006e 66       		.byte	102
 140 006f C0       		.byte	-64
 141 0070 68       		.byte	104
 142 0071 C0       		.byte	-64
 143 0072 6A       		.byte	106
 144 0073 C0       		.byte	-64
 145 0074 6C       		.byte	108
 146 0075 C0       		.byte	-64
 147 0076 6E       		.byte	110
 148 0077 C0       		.byte	-64
 149 0078 81       		.byte	-127
 150 0079 01       		.byte	1
 151 007a 85       		.byte	-123
 152 007b 01       		.byte	1
 153 007c 8A       		.byte	-118
 154 007d 06       		.byte	6
 155 007e 96       		.byte	-106
 156 007f 02       		.byte	2
 157 0080 9C       		.byte	-100
 158 0081 0C       		.byte	12
 159 0082 A8       		.byte	-88
 160 0083 0C       		.byte	12
 161 0084 AD       		.byte	-83
 162 0085 01       		.byte	1
 163 0086 AE       		.byte	-82
 164 0087 01       		.byte	1
 165 0088 B0       		.byte	-80
 166 0089 08       		.byte	8
 167 008a B2       		.byte	-78
 168 008b 01       		.byte	1
 169 008c B4       		.byte	-76
 170 008d 02       		.byte	2
 171 008e B6       		.byte	-74
ARM GAS  C:\Users\Elijah\AppData\Local\Temp\ccQIhSaX.s 			page 4


 172 008f 04       		.byte	4
 173 0090 B7       		.byte	-73
 174 0091 01       		.byte	1
 175 0092 BE       		.byte	-66
 176 0093 10       		.byte	16
 177 0094 C0       		.byte	-64
 178 0095 30       		.byte	48
 179 0096 C1       		.byte	-63
 180 0097 02       		.byte	2
 181 0098 C5       		.byte	-59
 182 0099 D0       		.byte	-48
 183 009a C6       		.byte	-58
 184 009b 20       		.byte	32
 185 009c C7       		.byte	-57
 186 009d 10       		.byte	16
 187 009e C8       		.byte	-56
 188 009f 3A       		.byte	58
 189 00a0 C9       		.byte	-55
 190 00a1 FF       		.byte	-1
 191 00a2 CA       		.byte	-54
 192 00a3 FF       		.byte	-1
 193 00a4 CB       		.byte	-53
 194 00a5 FF       		.byte	-1
 195 00a6 CD       		.byte	-51
 196 00a7 AF       		.byte	-81
 197 00a8 CE       		.byte	-50
 198 00a9 0F       		.byte	15
 199 00aa CF       		.byte	-49
 200 00ab 04       		.byte	4
 201 00ac D0       		.byte	-48
 202 00ad 18       		.byte	24
 203 00ae D2       		.byte	-46
 204 00af 80       		.byte	-128
 205 00b0 D4       		.byte	-44
 206 00b1 05       		.byte	5
 207 00b2 D8       		.byte	-40
 208 00b3 04       		.byte	4
 209 00b4 D9       		.byte	-39
 210 00b5 04       		.byte	4
 211 00b6 DA       		.byte	-38
 212 00b7 04       		.byte	4
 213 00b8 DB       		.byte	-37
 214 00b9 04       		.byte	4
 215 00ba DF       		.byte	-33
 216 00bb 01       		.byte	1
 217 00bc E0       		.byte	-32
 218 00bd 40       		.byte	64
 219 00be E2       		.byte	-30
 220 00bf C0       		.byte	-64
 221 00c0 E4       		.byte	-28
 222 00c1 40       		.byte	64
 223 00c2 E5       		.byte	-27
 224 00c3 40       		.byte	64
 225 00c4 E6       		.byte	-26
 226 00c5 C0       		.byte	-64
 227 00c6 E8       		.byte	-24
 228 00c7 C0       		.byte	-64
ARM GAS  C:\Users\Elijah\AppData\Local\Temp\ccQIhSaX.s 			page 5


 229 00c8 EA       		.byte	-22
 230 00c9 C0       		.byte	-64
 231 00ca EC       		.byte	-20
 232 00cb C0       		.byte	-64
 233 00cc EE       		.byte	-18
 234 00cd C0       		.byte	-64
 235 00ce 01       		.byte	1
 236 00cf 08       		.byte	8
 237 00d0 04       		.byte	4
 238 00d1 10       		.byte	16
 239 00d2 0F       		.byte	15
 240 00d3 22       		.byte	34
 241 00d4 16       		.byte	22
 242 00d5 08       		.byte	8
 243 00d6 17       		.byte	23
 244 00d7 40       		.byte	64
 245 00d8 19       		.byte	25
 246 00d9 10       		.byte	16
 247 00da 1C       		.byte	28
 248 00db 10       		.byte	16
 249 00dc 1D       		.byte	29
 250 00dd 88       		.byte	-120
 251 00de 1E       		.byte	30
 252 00df 08       		.byte	8
 253 00e0 1F       		.byte	31
 254 00e1 02       		.byte	2
 255 00e2 26       		.byte	38
 256 00e3 40       		.byte	64
 257 00e4 2F       		.byte	47
 258 00e5 02       		.byte	2
 259 00e6 3E       		.byte	62
 260 00e7 08       		.byte	8
 261 00e8 3F       		.byte	63
 262 00e9 02       		.byte	2
 263 00ea 40       		.byte	64
 264 00eb 10       		.byte	16
 265 00ec 41       		.byte	65
 266 00ed 20       		.byte	32
 267 00ee 45       		.byte	69
 268 00ef 28       		.byte	40
 269 00f0 4F       		.byte	79
 270 00f1 01       		.byte	1
 271 00f2 55       		.byte	85
 272 00f3 20       		.byte	32
 273 00f4 56       		.byte	86
 274 00f5 08       		.byte	8
 275 00f6 57       		.byte	87
 276 00f7 11       		.byte	17
 277 00f8 5E       		.byte	94
 278 00f9 88       		.byte	-120
 279 00fa 5F       		.byte	95
 280 00fb 01       		.byte	1
 281 00fc 77       		.byte	119
 282 00fd 40       		.byte	64
 283 00fe 81       		.byte	-127
 284 00ff 80       		.byte	-128
 285 0100 C0       		.byte	-64
ARM GAS  C:\Users\Elijah\AppData\Local\Temp\ccQIhSaX.s 			page 6


 286 0101 44       		.byte	68
 287 0102 C2       		.byte	-62
 288 0103 A0       		.byte	-96
 289 0104 C4       		.byte	-60
 290 0105 C0       		.byte	-64
 291 0106 CA       		.byte	-54
 292 0107 10       		.byte	16
 293 0108 CE       		.byte	-50
 294 0109 C0       		.byte	-64
 295 010a D0       		.byte	-48
 296 010b 66       		.byte	102
 297 010c D6       		.byte	-42
 298 010d D0       		.byte	-48
 299 010e 40       		.byte	64
 300 010f 50       		.byte	80
 301 0110 41       		.byte	65
 302 0111 06       		.byte	6
 303 0112 49       		.byte	73
 304 0113 FF       		.byte	-1
 305 0114 4A       		.byte	74
 306 0115 FF       		.byte	-1
 307 0116 4B       		.byte	75
 308 0117 FF       		.byte	-1
 309 0118 4D       		.byte	77
 310 0119 A0       		.byte	-96
 311 011a 4F       		.byte	79
 312 011b 04       		.byte	4
 313 011c 50       		.byte	80
 314 011d 18       		.byte	24
 315 011e 5A       		.byte	90
 316 011f 04       		.byte	4
 317 0120 5F       		.byte	95
 318 0121 01       		.byte	1
 319 0122 60       		.byte	96
 320 0123 40       		.byte	64
 321 0124 62       		.byte	98
 322 0125 40       		.byte	64
 323 0126 63       		.byte	99
 324 0127 A8       		.byte	-88
 325 0128 64       		.byte	100
 326 0129 40       		.byte	64
 327 012a 65       		.byte	101
 328 012b 40       		.byte	64
 329 012c 66       		.byte	102
 330 012d 40       		.byte	64
 331 012e 67       		.byte	103
 332 012f A8       		.byte	-88
 333 0130 68       		.byte	104
 334 0131 40       		.byte	64
 335 0132 6A       		.byte	106
 336 0133 40       		.byte	64
 337 0134 6B       		.byte	107
 338 0135 A8       		.byte	-88
 339 0136 6C       		.byte	108
 340 0137 40       		.byte	64
 341 0138 6D       		.byte	109
 342 0139 20       		.byte	32
ARM GAS  C:\Users\Elijah\AppData\Local\Temp\ccQIhSaX.s 			page 7


 343 013a 6E       		.byte	110
 344 013b 40       		.byte	64
 345 013c 6F       		.byte	111
 346 013d A8       		.byte	-88
 347 013e 85       		.byte	-123
 348 013f 07       		.byte	7
 349 0140 8C       		.byte	-116
 350 0141 01       		.byte	1
 351 0142 8D       		.byte	-115
 352 0143 07       		.byte	7
 353 0144 8E       		.byte	-114
 354 0145 04       		.byte	4
 355 0146 92       		.byte	-110
 356 0147 10       		.byte	16
 357 0148 99       		.byte	-103
 358 0149 04       		.byte	4
 359 014a 9E       		.byte	-98
 360 014b 08       		.byte	8
 361 014c A3       		.byte	-93
 362 014d 01       		.byte	1
 363 014e A4       		.byte	-92
 364 014f 06       		.byte	6
 365 0150 AC       		.byte	-84
 366 0151 01       		.byte	1
 367 0152 AE       		.byte	-82
 368 0153 0A       		.byte	10
 369 0154 B0       		.byte	-80
 370 0155 06       		.byte	6
 371 0156 B2       		.byte	-78
 372 0157 08       		.byte	8
 373 0158 B3       		.byte	-77
 374 0159 01       		.byte	1
 375 015a B4       		.byte	-76
 376 015b 01       		.byte	1
 377 015c B5       		.byte	-75
 378 015d 02       		.byte	2
 379 015e B6       		.byte	-74
 380 015f 10       		.byte	16
 381 0160 B7       		.byte	-73
 382 0161 04       		.byte	4
 383 0162 B8       		.byte	-72
 384 0163 20       		.byte	32
 385 0164 BE       		.byte	-66
 386 0165 14       		.byte	20
 387 0166 C0       		.byte	-64
 388 0167 10       		.byte	16
 389 0168 C1       		.byte	-63
 390 0169 02       		.byte	2
 391 016a C5       		.byte	-59
 392 016b D5       		.byte	-43
 393 016c C6       		.byte	-58
 394 016d 40       		.byte	64
 395 016e C7       		.byte	-57
 396 016f 21       		.byte	33
 397 0170 C8       		.byte	-56
 398 0171 3F       		.byte	63
 399 0172 C9       		.byte	-55
ARM GAS  C:\Users\Elijah\AppData\Local\Temp\ccQIhSaX.s 			page 8


 400 0173 FF       		.byte	-1
 401 0174 CA       		.byte	-54
 402 0175 FF       		.byte	-1
 403 0176 CB       		.byte	-53
 404 0177 FF       		.byte	-1
 405 0178 CD       		.byte	-51
 406 0179 AF       		.byte	-81
 407 017a CE       		.byte	-50
 408 017b 0F       		.byte	15
 409 017c CF       		.byte	-49
 410 017d 04       		.byte	4
 411 017e D0       		.byte	-48
 412 017f 18       		.byte	24
 413 0180 D2       		.byte	-46
 414 0181 80       		.byte	-128
 415 0182 D4       		.byte	-44
 416 0183 07       		.byte	7
 417 0184 D8       		.byte	-40
 418 0185 04       		.byte	4
 419 0186 D9       		.byte	-39
 420 0187 04       		.byte	4
 421 0188 DA       		.byte	-38
 422 0189 04       		.byte	4
 423 018a DB       		.byte	-37
 424 018b 04       		.byte	4
 425 018c DF       		.byte	-33
 426 018d 01       		.byte	1
 427 018e E0       		.byte	-32
 428 018f 40       		.byte	64
 429 0190 E2       		.byte	-30
 430 0191 40       		.byte	64
 431 0192 E3       		.byte	-29
 432 0193 A8       		.byte	-88
 433 0194 E4       		.byte	-28
 434 0195 40       		.byte	64
 435 0196 E5       		.byte	-27
 436 0197 40       		.byte	64
 437 0198 E6       		.byte	-26
 438 0199 40       		.byte	64
 439 019a E7       		.byte	-25
 440 019b A8       		.byte	-88
 441 019c E8       		.byte	-24
 442 019d 40       		.byte	64
 443 019e EA       		.byte	-22
 444 019f 40       		.byte	64
 445 01a0 EB       		.byte	-21
 446 01a1 A8       		.byte	-88
 447 01a2 EC       		.byte	-20
 448 01a3 40       		.byte	64
 449 01a4 ED       		.byte	-19
 450 01a5 20       		.byte	32
 451 01a6 EE       		.byte	-18
 452 01a7 40       		.byte	64
 453 01a8 EF       		.byte	-17
 454 01a9 A8       		.byte	-88
 455 01aa 00       		.byte	0
 456 01ab 40       		.byte	64
ARM GAS  C:\Users\Elijah\AppData\Local\Temp\ccQIhSaX.s 			page 9


 457 01ac 0A       		.byte	10
 458 01ad 41       		.byte	65
 459 01ae 10       		.byte	16
 460 01af 22       		.byte	34
 461 01b0 18       		.byte	24
 462 01b1 44       		.byte	68
 463 01b2 19       		.byte	25
 464 01b3 04       		.byte	4
 465 01b4 1A       		.byte	26
 466 01b5 01       		.byte	1
 467 01b6 1B       		.byte	27
 468 01b7 50       		.byte	80
 469 01b8 21       		.byte	33
 470 01b9 28       		.byte	40
 471 01ba 22       		.byte	34
 472 01bb 40       		.byte	64
 473 01bc 2B       		.byte	43
 474 01bd 40       		.byte	64
 475 01be 31       		.byte	49
 476 01bf 20       		.byte	32
 477 01c0 38       		.byte	56
 478 01c1 88       		.byte	-120
 479 01c2 40       		.byte	64
 480 01c3 04       		.byte	4
 481 01c4 42       		.byte	66
 482 01c5 01       		.byte	1
 483 01c6 49       		.byte	73
 484 01c7 09       		.byte	9
 485 01c8 4F       		.byte	79
 486 01c9 A0       		.byte	-96
 487 01ca 50       		.byte	80
 488 01cb 66       		.byte	102
 489 01cc 59       		.byte	89
 490 01cd 15       		.byte	21
 491 01ce 5A       		.byte	90
 492 01cf 80       		.byte	-128
 493 01d0 72       		.byte	114
 494 01d1 40       		.byte	64
 495 01d2 8D       		.byte	-115
 496 01d3 08       		.byte	8
 497 01d4 99       		.byte	-103
 498 01d5 10       		.byte	16
 499 01d6 9D       		.byte	-99
 500 01d7 08       		.byte	8
 501 01d8 C0       		.byte	-64
 502 01d9 01       		.byte	1
 503 01da C2       		.byte	-62
 504 01db 09       		.byte	9
 505 01dc C4       		.byte	-60
 506 01dd 05       		.byte	5
 507 01de CA       		.byte	-54
 508 01df 01       		.byte	1
 509 01e0 CC       		.byte	-52
 510 01e1 04       		.byte	4
 511 01e2 CE       		.byte	-50
 512 01e3 0A       		.byte	10
 513 01e4 D0       		.byte	-48
ARM GAS  C:\Users\Elijah\AppData\Local\Temp\ccQIhSaX.s 			page 10


 514 01e5 0C       		.byte	12
 515 01e6 D2       		.byte	-46
 516 01e7 30       		.byte	48
 517 01e8 D6       		.byte	-42
 518 01e9 0F       		.byte	15
 519 01ea E6       		.byte	-26
 520 01eb 10       		.byte	16
 521 01ec 2E       		.byte	46
 522 01ed 01       		.byte	1
 523 01ee 34       		.byte	52
 524 01ef 01       		.byte	1
 525 01f0 36       		.byte	54
 526 01f1 01       		.byte	1
 527 01f2 40       		.byte	64
 528 01f3 10       		.byte	16
 529 01f4 41       		.byte	65
 530 01f5 05       		.byte	5
 531 01f6 49       		.byte	73
 532 01f7 FF       		.byte	-1
 533 01f8 4A       		.byte	74
 534 01f9 FF       		.byte	-1
 535 01fa 4B       		.byte	75
 536 01fb FF       		.byte	-1
 537 01fc 4D       		.byte	77
 538 01fd A0       		.byte	-96
 539 01fe 4F       		.byte	79
 540 01ff 04       		.byte	4
 541 0200 50       		.byte	80
 542 0201 18       		.byte	24
 543 0202 52       		.byte	82
 544 0203 80       		.byte	-128
 545 0204 58       		.byte	88
 546 0205 04       		.byte	4
 547 0206 5A       		.byte	90
 548 0207 04       		.byte	4
 549 0208 5B       		.byte	91
 550 0209 04       		.byte	4
 551 020a 5F       		.byte	95
 552 020b 01       		.byte	1
 553 020c 60       		.byte	96
 554 020d 40       		.byte	64
 555 020e 62       		.byte	98
 556 020f 40       		.byte	64
 557 0210 63       		.byte	99
 558 0211 A8       		.byte	-88
 559 0212 64       		.byte	100
 560 0213 40       		.byte	64
 561 0214 65       		.byte	101
 562 0215 40       		.byte	64
 563 0216 66       		.byte	102
 564 0217 40       		.byte	64
 565 0218 67       		.byte	103
 566 0219 A8       		.byte	-88
 567 021a 68       		.byte	104
 568 021b 40       		.byte	64
 569 021c 6A       		.byte	106
 570 021d 40       		.byte	64
ARM GAS  C:\Users\Elijah\AppData\Local\Temp\ccQIhSaX.s 			page 11


 571 021e 6B       		.byte	107
 572 021f A8       		.byte	-88
 573 0220 6C       		.byte	108
 574 0221 40       		.byte	64
 575 0222 6D       		.byte	109
 576 0223 20       		.byte	32
 577 0224 6E       		.byte	110
 578 0225 40       		.byte	64
 579 0226 6F       		.byte	111
 580 0227 A8       		.byte	-88
 581 0228 81       		.byte	-127
 582 0229 07       		.byte	7
 583 022a 84       		.byte	-124
 584 022b 06       		.byte	6
 585 022c 90       		.byte	-112
 586 022d 01       		.byte	1
 587 022e 92       		.byte	-110
 588 022f 04       		.byte	4
 589 0230 9D       		.byte	-99
 590 0231 04       		.byte	4
 591 0232 9E       		.byte	-98
 592 0233 08       		.byte	8
 593 0234 A1       		.byte	-95
 594 0235 07       		.byte	7
 595 0236 A4       		.byte	-92
 596 0237 01       		.byte	1
 597 0238 A6       		.byte	-90
 598 0239 0A       		.byte	10
 599 023a AA       		.byte	-86
 600 023b 10       		.byte	16
 601 023c AF       		.byte	-81
 602 023d 01       		.byte	1
 603 023e B0       		.byte	-80
 604 023f 06       		.byte	6
 605 0240 B1       		.byte	-79
 606 0241 04       		.byte	4
 607 0242 B2       		.byte	-78
 608 0243 10       		.byte	16
 609 0244 B3       		.byte	-77
 610 0245 01       		.byte	1
 611 0246 B4       		.byte	-76
 612 0247 08       		.byte	8
 613 0248 B6       		.byte	-74
 614 0249 01       		.byte	1
 615 024a B7       		.byte	-73
 616 024b 02       		.byte	2
 617 024c B8       		.byte	-72
 618 024d 80       		.byte	-128
 619 024e BE       		.byte	-66
 620 024f 50       		.byte	80
 621 0250 C0       		.byte	-64
 622 0251 60       		.byte	96
 623 0252 C1       		.byte	-63
 624 0253 01       		.byte	1
 625 0254 C5       		.byte	-59
 626 0255 D4       		.byte	-44
 627 0256 C6       		.byte	-58
ARM GAS  C:\Users\Elijah\AppData\Local\Temp\ccQIhSaX.s 			page 12


 628 0257 20       		.byte	32
 629 0258 C7       		.byte	-57
 630 0259 15       		.byte	21
 631 025a C8       		.byte	-56
 632 025b 3F       		.byte	63
 633 025c C9       		.byte	-55
 634 025d FF       		.byte	-1
 635 025e CA       		.byte	-54
 636 025f FF       		.byte	-1
 637 0260 CB       		.byte	-53
 638 0261 FF       		.byte	-1
 639 0262 CD       		.byte	-51
 640 0263 AF       		.byte	-81
 641 0264 CE       		.byte	-50
 642 0265 0F       		.byte	15
 643 0266 CF       		.byte	-49
 644 0267 04       		.byte	4
 645 0268 D0       		.byte	-48
 646 0269 18       		.byte	24
 647 026a D4       		.byte	-44
 648 026b 07       		.byte	7
 649 026c D8       		.byte	-40
 650 026d 04       		.byte	4
 651 026e D9       		.byte	-39
 652 026f 04       		.byte	4
 653 0270 DA       		.byte	-38
 654 0271 04       		.byte	4
 655 0272 DB       		.byte	-37
 656 0273 04       		.byte	4
 657 0274 DF       		.byte	-33
 658 0275 01       		.byte	1
 659 0276 E0       		.byte	-32
 660 0277 40       		.byte	64
 661 0278 E2       		.byte	-30
 662 0279 40       		.byte	64
 663 027a E3       		.byte	-29
 664 027b A8       		.byte	-88
 665 027c E4       		.byte	-28
 666 027d 40       		.byte	64
 667 027e E5       		.byte	-27
 668 027f 40       		.byte	64
 669 0280 E6       		.byte	-26
 670 0281 40       		.byte	64
 671 0282 E7       		.byte	-25
 672 0283 A8       		.byte	-88
 673 0284 E8       		.byte	-24
 674 0285 40       		.byte	64
 675 0286 EA       		.byte	-22
 676 0287 40       		.byte	64
 677 0288 EB       		.byte	-21
 678 0289 A8       		.byte	-88
 679 028a EC       		.byte	-20
 680 028b 40       		.byte	64
 681 028c ED       		.byte	-19
 682 028d 20       		.byte	32
 683 028e EE       		.byte	-18
 684 028f 40       		.byte	64
ARM GAS  C:\Users\Elijah\AppData\Local\Temp\ccQIhSaX.s 			page 13


 685 0290 EF       		.byte	-17
 686 0291 A8       		.byte	-88
 687 0292 05       		.byte	5
 688 0293 08       		.byte	8
 689 0294 0E       		.byte	14
 690 0295 81       		.byte	-127
 691 0296 10       		.byte	16
 692 0297 02       		.byte	2
 693 0298 16       		.byte	22
 694 0299 28       		.byte	40
 695 029a 18       		.byte	24
 696 029b 01       		.byte	1
 697 029c 19       		.byte	25
 698 029d 80       		.byte	-128
 699 029e 1A       		.byte	26
 700 029f 01       		.byte	1
 701 02a0 1B       		.byte	27
 702 02a1 10       		.byte	16
 703 02a2 1C       		.byte	28
 704 02a3 02       		.byte	2
 705 02a4 1D       		.byte	29
 706 02a5 80       		.byte	-128
 707 02a6 1E       		.byte	30
 708 02a7 A8       		.byte	-88
 709 02a8 24       		.byte	36
 710 02a9 40       		.byte	64
 711 02aa 25       		.byte	37
 712 02ab 08       		.byte	8
 713 02ac 26       		.byte	38
 714 02ad 80       		.byte	-128
 715 02ae 2D       		.byte	45
 716 02af 80       		.byte	-128
 717 02b0 2F       		.byte	47
 718 02b1 80       		.byte	-128
 719 02b2 36       		.byte	54
 720 02b3 80       		.byte	-128
 721 02b4 3F       		.byte	63
 722 02b5 02       		.byte	2
 723 02b6 40       		.byte	64
 724 02b7 01       		.byte	1
 725 02b8 45       		.byte	69
 726 02b9 80       		.byte	-128
 727 02ba 48       		.byte	72
 728 02bb 01       		.byte	1
 729 02bc 4D       		.byte	77
 730 02bd 08       		.byte	8
 731 02be 4F       		.byte	79
 732 02bf 21       		.byte	33
 733 02c0 56       		.byte	86
 734 02c1 28       		.byte	40
 735 02c2 57       		.byte	87
 736 02c3 81       		.byte	-127
 737 02c4 5C       		.byte	92
 738 02c5 40       		.byte	64
 739 02c6 5E       		.byte	94
 740 02c7 28       		.byte	40
 741 02c8 5F       		.byte	95
ARM GAS  C:\Users\Elijah\AppData\Local\Temp\ccQIhSaX.s 			page 14


 742 02c9 01       		.byte	1
 743 02ca 70       		.byte	112
 744 02cb 02       		.byte	2
 745 02cc A5       		.byte	-91
 746 02cd 08       		.byte	8
 747 02ce C0       		.byte	-64
 748 02cf 20       		.byte	32
 749 02d0 C2       		.byte	-62
 750 02d1 90       		.byte	-112
 751 02d2 C4       		.byte	-60
 752 02d3 61       		.byte	97
 753 02d4 CA       		.byte	-54
 754 02d5 90       		.byte	-112
 755 02d6 CC       		.byte	-52
 756 02d7 10       		.byte	16
 757 02d8 CE       		.byte	-50
 758 02d9 80       		.byte	-128
 759 02da D0       		.byte	-48
 760 02db 18       		.byte	24
 761 02dc D2       		.byte	-46
 762 02dd 28       		.byte	40
 763 02de D6       		.byte	-42
 764 02df F0       		.byte	-16
 765 02e0 2E       		.byte	46
 766 02e1 01       		.byte	1
 767 02e2 32       		.byte	50
 768 02e3 01       		.byte	1
 769 02e4 40       		.byte	64
 770 02e5 50       		.byte	80
 771 02e6 41       		.byte	65
 772 02e7 06       		.byte	6
 773 02e8 49       		.byte	73
 774 02e9 FF       		.byte	-1
 775 02ea 4A       		.byte	74
 776 02eb FF       		.byte	-1
 777 02ec 4B       		.byte	75
 778 02ed FF       		.byte	-1
 779 02ee 4D       		.byte	77
 780 02ef A0       		.byte	-96
 781 02f0 4F       		.byte	79
 782 02f1 04       		.byte	4
 783 02f2 50       		.byte	80
 784 02f3 18       		.byte	24
 785 02f4 58       		.byte	88
 786 02f5 04       		.byte	4
 787 02f6 5A       		.byte	90
 788 02f7 04       		.byte	4
 789 02f8 5F       		.byte	95
 790 02f9 01       		.byte	1
 791 02fa 60       		.byte	96
 792 02fb 40       		.byte	64
 793 02fc 62       		.byte	98
 794 02fd 40       		.byte	64
 795 02fe 63       		.byte	99
 796 02ff A8       		.byte	-88
 797 0300 64       		.byte	100
 798 0301 40       		.byte	64
ARM GAS  C:\Users\Elijah\AppData\Local\Temp\ccQIhSaX.s 			page 15


 799 0302 65       		.byte	101
 800 0303 40       		.byte	64
 801 0304 66       		.byte	102
 802 0305 40       		.byte	64
 803 0306 67       		.byte	103
 804 0307 A8       		.byte	-88
 805 0308 68       		.byte	104
 806 0309 40       		.byte	64
 807 030a 6A       		.byte	106
 808 030b 40       		.byte	64
 809 030c 6B       		.byte	107
 810 030d A8       		.byte	-88
 811 030e 6C       		.byte	108
 812 030f 40       		.byte	64
 813 0310 6D       		.byte	109
 814 0311 20       		.byte	32
 815 0312 6E       		.byte	110
 816 0313 40       		.byte	64
 817 0314 6F       		.byte	111
 818 0315 A8       		.byte	-88
 819 0316 85       		.byte	-123
 820 0317 07       		.byte	7
 821 0318 89       		.byte	-119
 822 0319 07       		.byte	7
 823 031a 8C       		.byte	-116
 824 031b 01       		.byte	1
 825 031c 8E       		.byte	-114
 826 031d 04       		.byte	4
 827 031e 91       		.byte	-111
 828 031f 04       		.byte	4
 829 0320 92       		.byte	-110
 830 0321 10       		.byte	16
 831 0322 9E       		.byte	-98
 832 0323 08       		.byte	8
 833 0324 A3       		.byte	-93
 834 0325 01       		.byte	1
 835 0326 A4       		.byte	-92
 836 0327 06       		.byte	6
 837 0328 AC       		.byte	-84
 838 0329 01       		.byte	1
 839 032a AE       		.byte	-82
 840 032b 0A       		.byte	10
 841 032c B0       		.byte	-80
 842 032d 06       		.byte	6
 843 032e B1       		.byte	-79
 844 032f 02       		.byte	2
 845 0330 B2       		.byte	-78
 846 0331 08       		.byte	8
 847 0332 B3       		.byte	-77
 848 0333 01       		.byte	1
 849 0334 B4       		.byte	-76
 850 0335 01       		.byte	1
 851 0336 B6       		.byte	-74
 852 0337 10       		.byte	16
 853 0338 B7       		.byte	-73
 854 0339 04       		.byte	4
 855 033a B8       		.byte	-72
ARM GAS  C:\Users\Elijah\AppData\Local\Temp\ccQIhSaX.s 			page 16


 856 033b 20       		.byte	32
 857 033c BE       		.byte	-66
 858 033d 14       		.byte	20
 859 033e C0       		.byte	-64
 860 033f 10       		.byte	16
 861 0340 C1       		.byte	-63
 862 0341 02       		.byte	2
 863 0342 C5       		.byte	-59
 864 0343 D4       		.byte	-44
 865 0344 C6       		.byte	-58
 866 0345 05       		.byte	5
 867 0346 C7       		.byte	-57
 868 0347 21       		.byte	33
 869 0348 C8       		.byte	-56
 870 0349 3F       		.byte	63
 871 034a C9       		.byte	-55
 872 034b FF       		.byte	-1
 873 034c CA       		.byte	-54
 874 034d FF       		.byte	-1
 875 034e CB       		.byte	-53
 876 034f FF       		.byte	-1
 877 0350 CD       		.byte	-51
 878 0351 AF       		.byte	-81
 879 0352 CE       		.byte	-50
 880 0353 0F       		.byte	15
 881 0354 CF       		.byte	-49
 882 0355 04       		.byte	4
 883 0356 D0       		.byte	-48
 884 0357 18       		.byte	24
 885 0358 D2       		.byte	-46
 886 0359 80       		.byte	-128
 887 035a D4       		.byte	-44
 888 035b 07       		.byte	7
 889 035c D8       		.byte	-40
 890 035d 04       		.byte	4
 891 035e D9       		.byte	-39
 892 035f 04       		.byte	4
 893 0360 DA       		.byte	-38
 894 0361 04       		.byte	4
 895 0362 DB       		.byte	-37
 896 0363 04       		.byte	4
 897 0364 DF       		.byte	-33
 898 0365 01       		.byte	1
 899 0366 E0       		.byte	-32
 900 0367 40       		.byte	64
 901 0368 E2       		.byte	-30
 902 0369 40       		.byte	64
 903 036a E3       		.byte	-29
 904 036b A8       		.byte	-88
 905 036c E4       		.byte	-28
 906 036d 40       		.byte	64
 907 036e E5       		.byte	-27
 908 036f 40       		.byte	64
 909 0370 E6       		.byte	-26
 910 0371 40       		.byte	64
 911 0372 E7       		.byte	-25
 912 0373 A8       		.byte	-88
ARM GAS  C:\Users\Elijah\AppData\Local\Temp\ccQIhSaX.s 			page 17


 913 0374 E8       		.byte	-24
 914 0375 40       		.byte	64
 915 0376 EA       		.byte	-22
 916 0377 40       		.byte	64
 917 0378 EB       		.byte	-21
 918 0379 A8       		.byte	-88
 919 037a EC       		.byte	-20
 920 037b 40       		.byte	64
 921 037c ED       		.byte	-19
 922 037d 20       		.byte	32
 923 037e EE       		.byte	-18
 924 037f 40       		.byte	64
 925 0380 EF       		.byte	-17
 926 0381 A8       		.byte	-88
 927 0382 00       		.byte	0
 928 0383 40       		.byte	64
 929 0384 0A       		.byte	10
 930 0385 41       		.byte	65
 931 0386 10       		.byte	16
 932 0387 22       		.byte	34
 933 0388 15       		.byte	21
 934 0389 80       		.byte	-128
 935 038a 18       		.byte	24
 936 038b 44       		.byte	68
 937 038c 19       		.byte	25
 938 038d 04       		.byte	4
 939 038e 1A       		.byte	26
 940 038f 01       		.byte	1
 941 0390 1B       		.byte	27
 942 0391 50       		.byte	80
 943 0392 1E       		.byte	30
 944 0393 10       		.byte	16
 945 0394 21       		.byte	33
 946 0395 02       		.byte	2
 947 0396 22       		.byte	34
 948 0397 48       		.byte	72
 949 0398 2B       		.byte	43
 950 0399 40       		.byte	64
 951 039a 31       		.byte	49
 952 039b 02       		.byte	2
 953 039c 38       		.byte	56
 954 039d 28       		.byte	40
 955 039e 40       		.byte	64
 956 039f 04       		.byte	4
 957 03a0 42       		.byte	66
 958 03a1 01       		.byte	1
 959 03a2 48       		.byte	72
 960 03a3 20       		.byte	32
 961 03a4 49       		.byte	73
 962 03a5 01       		.byte	1
 963 03a6 4F       		.byte	79
 964 03a7 A0       		.byte	-96
 965 03a8 50       		.byte	80
 966 03a9 16       		.byte	22
 967 03aa 51       		.byte	81
 968 03ab 40       		.byte	64
 969 03ac 59       		.byte	89
ARM GAS  C:\Users\Elijah\AppData\Local\Temp\ccQIhSaX.s 			page 18


 970 03ad 05       		.byte	5
 971 03ae 5A       		.byte	90
 972 03af 90       		.byte	-112
 973 03b0 72       		.byte	114
 974 03b1 40       		.byte	64
 975 03b2 82       		.byte	-126
 976 03b3 08       		.byte	8
 977 03b4 85       		.byte	-123
 978 03b5 08       		.byte	8
 979 03b6 C0       		.byte	-64
 980 03b7 01       		.byte	1
 981 03b8 C2       		.byte	-62
 982 03b9 09       		.byte	9
 983 03ba C4       		.byte	-60
 984 03bb 85       		.byte	-123
 985 03bc CA       		.byte	-54
 986 03bd 01       		.byte	1
 987 03be CC       		.byte	-52
 988 03bf 01       		.byte	1
 989 03c0 CE       		.byte	-50
 990 03c1 06       		.byte	6
 991 03c2 D0       		.byte	-48
 992 03c3 0C       		.byte	12
 993 03c4 D2       		.byte	-46
 994 03c5 30       		.byte	48
 995 03c6 D6       		.byte	-42
 996 03c7 0F       		.byte	15
 997 03c8 50       		.byte	80
 998 03c9 04       		.byte	4
 999 03ca 51       		.byte	81
 1000 03cb 02       		.byte	2
 1001 03cc 55       		.byte	85
 1002 03cd 04       		.byte	4
 1003 03ce 5F       		.byte	95
 1004 03cf 20       		.byte	32
 1005 03d0 D4       		.byte	-44
 1006 03d1 E0       		.byte	-32
 1007 03d2 D6       		.byte	-42
 1008 03d3 20       		.byte	32
 1009 03d4 80       		.byte	-128
 1010 03d5 04       		.byte	4
 1011 03d6 94       		.byte	-108
 1012 03d7 08       		.byte	8
 1013 03d8 9F       		.byte	-97
 1014 03d9 20       		.byte	32
 1015 03da A5       		.byte	-91
 1016 03db 06       		.byte	6
 1017 03dc E6       		.byte	-26
 1018 03dd 80       		.byte	-128
 1019 03de 8D       		.byte	-115
 1020 03df 02       		.byte	2
 1021 03e0 9F       		.byte	-97
 1022 03e1 20       		.byte	32
 1023 03e2 A5       		.byte	-91
 1024 03e3 06       		.byte	6
 1025 03e4 81       		.byte	-127
 1026 03e5 04       		.byte	4
ARM GAS  C:\Users\Elijah\AppData\Local\Temp\ccQIhSaX.s 			page 19


 1027 03e6 87       		.byte	-121
 1028 03e7 20       		.byte	32
 1029 03e8 9F       		.byte	-97
 1030 03e9 20       		.byte	32
 1031 03ea A5       		.byte	-91
 1032 03eb 04       		.byte	4
 1033 03ec E2       		.byte	-30
 1034 03ed 60       		.byte	96
 1035 03ee 00       		.byte	0
 1036 03ef 01       		.byte	1
 1037 03f0 0A       		.byte	10
 1038 03f1 01       		.byte	1
 1039 03f2 10       		.byte	16
 1040 03f3 01       		.byte	1
 1041 03f4 1A       		.byte	26
 1042 03f5 01       		.byte	1
 1043 03f6 00       		.byte	0
 1044 03f7 00       		.byte	0
 1045 03f8 00       		.byte	0
 1046 03f9 0F       		.byte	15
 1047 03fa 0F       		.byte	15
 1048 03fb 00       		.byte	0
 1049 03fc 0F       		.byte	15
 1050 03fd 00       		.byte	0
 1051 03fe 00       		.byte	0
 1052 03ff 00       		.byte	0
 1053 0400 00       		.byte	0
 1054 0401 0B       		.byte	11
 1055 0402 0B       		.byte	11
 1056 0403 00       		.byte	0
 1057 0404 00       		.byte	0
 1058 0405 00       		.byte	0
 1059 0406 00       		.byte	0
 1060 0407 00       		.byte	0
 1061              		.section	.cywolatch,"a",%progbits
 1062              		.align	2
 1063              		.type	cy_meta_wonvl, %object
 1064              		.size	cy_meta_wonvl, 4
 1065              	cy_meta_wonvl:
 1066 0000 BC       		.byte	-68
 1067 0001 90       		.byte	-112
 1068 0002 AC       		.byte	-84
 1069 0003 AF       		.byte	-81
 1070              		.section	.cycustnvl,"a",%progbits
 1071              		.align	2
 1072              		.type	cy_meta_custnvl, %object
 1073              		.size	cy_meta_custnvl, 4
 1074              	cy_meta_custnvl:
 1075 0000 00       		.byte	0
 1076 0001 00       		.byte	0
 1077 0002 40       		.byte	64
 1078 0003 05       		.byte	5
 1079              		.section	.cymeta,"a",%progbits
 1080              		.align	2
 1081              		.type	cy_metadata, %object
 1082              		.size	cy_metadata, 12
 1083              	cy_metadata:
ARM GAS  C:\Users\Elijah\AppData\Local\Temp\ccQIhSaX.s 			page 20


 1084 0000 00       		.byte	0
 1085 0001 01       		.byte	1
 1086 0002 2E       		.byte	46
 1087 0003 16       		.byte	22
 1088 0004 10       		.byte	16
 1089 0005 69       		.byte	105
 1090 0006 00       		.byte	0
 1091 0007 01       		.byte	1
 1092 0008 00       		.byte	0
 1093 0009 00       		.byte	0
 1094 000a 00       		.byte	0
 1095 000b 00       		.byte	0
 1096              		.section	.cyflashprotect,"a",%progbits
 1097              		.align	2
 1098              		.type	cy_meta_flashprotect, %object
 1099              		.size	cy_meta_flashprotect, 256
 1100              	cy_meta_flashprotect:
 1101 0000 00000000 		.space	256
 1101      00000000 
 1101      00000000 
 1101      00000000 
 1101      00000000 
 1102              		.text
 1103              	.Letext0:
 1104              		.file 1 "c:\\program files (x86)\\cypress\\psoc creator\\4.4\\psoc creator\\import\\gnu\\arm\\5.4.
 1105              		.file 2 "c:\\program files (x86)\\cypress\\psoc creator\\4.4\\psoc creator\\import\\gnu\\arm\\5.4.
 1106              		.file 3 "Generated_Source\\PSoC5\\cymetadata.c"
 1107              		.section	.debug_info,"",%progbits
 1108              	.Ldebug_info0:
 1109 0000 31010000 		.4byte	0x131
 1110 0004 0400     		.2byte	0x4
 1111 0006 00000000 		.4byte	.Ldebug_abbrev0
 1112 000a 04       		.byte	0x4
 1113 000b 01       		.uleb128 0x1
 1114 000c 91000000 		.4byte	.LASF17
 1115 0010 0C       		.byte	0xc
 1116 0011 EB010000 		.4byte	.LASF18
 1117 0015 16000000 		.4byte	.LASF19
 1118 0019 00000000 		.4byte	.Ldebug_line0
 1119 001d 02       		.uleb128 0x2
 1120 001e 01       		.byte	0x1
 1121 001f 06       		.byte	0x6
 1122 0020 DF010000 		.4byte	.LASF0
 1123 0024 03       		.uleb128 0x3
 1124 0025 00000000 		.4byte	.LASF9
 1125 0029 01       		.byte	0x1
 1126 002a 1D       		.byte	0x1d
 1127 002b 2F000000 		.4byte	0x2f
 1128 002f 02       		.uleb128 0x2
 1129 0030 01       		.byte	0x1
 1130 0031 08       		.byte	0x8
 1131 0032 83000000 		.4byte	.LASF1
 1132 0036 02       		.uleb128 0x2
 1133 0037 02       		.byte	0x2
 1134 0038 05       		.byte	0x5
 1135 0039 CC010000 		.4byte	.LASF2
 1136 003d 02       		.uleb128 0x2
ARM GAS  C:\Users\Elijah\AppData\Local\Temp\ccQIhSaX.s 			page 21


 1137 003e 02       		.byte	0x2
 1138 003f 07       		.byte	0x7
 1139 0040 31010000 		.4byte	.LASF3
 1140 0044 02       		.uleb128 0x2
 1141 0045 04       		.byte	0x4
 1142 0046 05       		.byte	0x5
 1143 0047 D6010000 		.4byte	.LASF4
 1144 004b 02       		.uleb128 0x2
 1145 004c 04       		.byte	0x4
 1146 004d 07       		.byte	0x7
 1147 004e 1F010000 		.4byte	.LASF5
 1148 0052 02       		.uleb128 0x2
 1149 0053 08       		.byte	0x8
 1150 0054 05       		.byte	0x5
 1151 0055 BE010000 		.4byte	.LASF6
 1152 0059 02       		.uleb128 0x2
 1153 005a 08       		.byte	0x8
 1154 005b 07       		.byte	0x7
 1155 005c 73010000 		.4byte	.LASF7
 1156 0060 04       		.uleb128 0x4
 1157 0061 04       		.byte	0x4
 1158 0062 05       		.byte	0x5
 1159 0063 696E7400 		.ascii	"int\000"
 1160 0067 02       		.uleb128 0x2
 1161 0068 04       		.byte	0x4
 1162 0069 07       		.byte	0x7
 1163 006a 66010000 		.4byte	.LASF8
 1164 006e 03       		.uleb128 0x3
 1165 006f 8A010000 		.4byte	.LASF10
 1166 0073 02       		.byte	0x2
 1167 0074 18       		.byte	0x18
 1168 0075 24000000 		.4byte	0x24
 1169 0079 05       		.uleb128 0x5
 1170 007a 91000000 		.4byte	0x91
 1171 007e 8A000000 		.4byte	0x8a
 1172 0082 06       		.uleb128 0x6
 1173 0083 8A000000 		.4byte	0x8a
 1174 0087 0704     		.2byte	0x407
 1175 0089 00       		.byte	0
 1176 008a 02       		.uleb128 0x2
 1177 008b 04       		.byte	0x4
 1178 008c 07       		.byte	0x7
 1179 008d B5010000 		.4byte	.LASF11
 1180 0091 07       		.uleb128 0x7
 1181 0092 6E000000 		.4byte	0x6e
 1182 0096 08       		.uleb128 0x8
 1183 0097 54010000 		.4byte	.LASF12
 1184 009b 03       		.byte	0x3
 1185 009c 1F       		.byte	0x1f
 1186 009d A7000000 		.4byte	0xa7
 1187 00a1 05       		.uleb128 0x5
 1188 00a2 03       		.byte	0x3
 1189 00a3 00000000 		.4byte	cy_meta_configecc
 1190 00a7 07       		.uleb128 0x7
 1191 00a8 79000000 		.4byte	0x79
 1192 00ac 05       		.uleb128 0x5
 1193 00ad 91000000 		.4byte	0x91
ARM GAS  C:\Users\Elijah\AppData\Local\Temp\ccQIhSaX.s 			page 22


 1194 00b1 BC000000 		.4byte	0xbc
 1195 00b5 09       		.uleb128 0x9
 1196 00b6 8A000000 		.4byte	0x8a
 1197 00ba 03       		.byte	0x3
 1198 00bb 00       		.byte	0
 1199 00bc 08       		.uleb128 0x8
 1200 00bd 44010000 		.4byte	.LASF13
 1201 00c1 03       		.byte	0x3
 1202 00c2 AD       		.byte	0xad
 1203 00c3 CD000000 		.4byte	0xcd
 1204 00c7 05       		.uleb128 0x5
 1205 00c8 03       		.byte	0x3
 1206 00c9 00000000 		.4byte	cy_meta_custnvl
 1207 00cd 07       		.uleb128 0x7
 1208 00ce AC000000 		.4byte	0xac
 1209 00d2 08       		.uleb128 0x8
 1210 00d3 A7010000 		.4byte	.LASF14
 1211 00d7 03       		.byte	0x3
 1212 00d8 BB       		.byte	0xbb
 1213 00d9 E3000000 		.4byte	0xe3
 1214 00dd 05       		.uleb128 0x5
 1215 00de 03       		.byte	0x3
 1216 00df 00000000 		.4byte	cy_meta_wonvl
 1217 00e3 07       		.uleb128 0x7
 1218 00e4 AC000000 		.4byte	0xac
 1219 00e8 05       		.uleb128 0x5
 1220 00e9 91000000 		.4byte	0x91
 1221 00ed F8000000 		.4byte	0xf8
 1222 00f1 09       		.uleb128 0x9
 1223 00f2 8A000000 		.4byte	0x8a
 1224 00f6 FF       		.byte	0xff
 1225 00f7 00       		.byte	0
 1226 00f8 08       		.uleb128 0x8
 1227 00f9 92010000 		.4byte	.LASF15
 1228 00fd 03       		.byte	0x3
 1229 00fe C9       		.byte	0xc9
 1230 00ff 09010000 		.4byte	0x109
 1231 0103 05       		.uleb128 0x5
 1232 0104 03       		.byte	0x3
 1233 0105 00000000 		.4byte	cy_meta_flashprotect
 1234 0109 07       		.uleb128 0x7
 1235 010a E8000000 		.4byte	0xe8
 1236 010e 05       		.uleb128 0x5
 1237 010f 91000000 		.4byte	0x91
 1238 0113 1E010000 		.4byte	0x11e
 1239 0117 09       		.uleb128 0x9
 1240 0118 8A000000 		.4byte	0x8a
 1241 011c 0B       		.byte	0xb
 1242 011d 00       		.byte	0
 1243 011e 08       		.uleb128 0x8
 1244 011f 0A000000 		.4byte	.LASF16
 1245 0123 03       		.byte	0x3
 1246 0124 F6       		.byte	0xf6
 1247 0125 2F010000 		.4byte	0x12f
 1248 0129 05       		.uleb128 0x5
 1249 012a 03       		.byte	0x3
 1250 012b 00000000 		.4byte	cy_metadata
ARM GAS  C:\Users\Elijah\AppData\Local\Temp\ccQIhSaX.s 			page 23


 1251 012f 07       		.uleb128 0x7
 1252 0130 0E010000 		.4byte	0x10e
 1253 0134 00       		.byte	0
 1254              		.section	.debug_abbrev,"",%progbits
 1255              	.Ldebug_abbrev0:
 1256 0000 01       		.uleb128 0x1
 1257 0001 11       		.uleb128 0x11
 1258 0002 01       		.byte	0x1
 1259 0003 25       		.uleb128 0x25
 1260 0004 0E       		.uleb128 0xe
 1261 0005 13       		.uleb128 0x13
 1262 0006 0B       		.uleb128 0xb
 1263 0007 03       		.uleb128 0x3
 1264 0008 0E       		.uleb128 0xe
 1265 0009 1B       		.uleb128 0x1b
 1266 000a 0E       		.uleb128 0xe
 1267 000b 10       		.uleb128 0x10
 1268 000c 17       		.uleb128 0x17
 1269 000d 00       		.byte	0
 1270 000e 00       		.byte	0
 1271 000f 02       		.uleb128 0x2
 1272 0010 24       		.uleb128 0x24
 1273 0011 00       		.byte	0
 1274 0012 0B       		.uleb128 0xb
 1275 0013 0B       		.uleb128 0xb
 1276 0014 3E       		.uleb128 0x3e
 1277 0015 0B       		.uleb128 0xb
 1278 0016 03       		.uleb128 0x3
 1279 0017 0E       		.uleb128 0xe
 1280 0018 00       		.byte	0
 1281 0019 00       		.byte	0
 1282 001a 03       		.uleb128 0x3
 1283 001b 16       		.uleb128 0x16
 1284 001c 00       		.byte	0
 1285 001d 03       		.uleb128 0x3
 1286 001e 0E       		.uleb128 0xe
 1287 001f 3A       		.uleb128 0x3a
 1288 0020 0B       		.uleb128 0xb
 1289 0021 3B       		.uleb128 0x3b
 1290 0022 0B       		.uleb128 0xb
 1291 0023 49       		.uleb128 0x49
 1292 0024 13       		.uleb128 0x13
 1293 0025 00       		.byte	0
 1294 0026 00       		.byte	0
 1295 0027 04       		.uleb128 0x4
 1296 0028 24       		.uleb128 0x24
 1297 0029 00       		.byte	0
 1298 002a 0B       		.uleb128 0xb
 1299 002b 0B       		.uleb128 0xb
 1300 002c 3E       		.uleb128 0x3e
 1301 002d 0B       		.uleb128 0xb
 1302 002e 03       		.uleb128 0x3
 1303 002f 08       		.uleb128 0x8
 1304 0030 00       		.byte	0
 1305 0031 00       		.byte	0
 1306 0032 05       		.uleb128 0x5
 1307 0033 01       		.uleb128 0x1
ARM GAS  C:\Users\Elijah\AppData\Local\Temp\ccQIhSaX.s 			page 24


 1308 0034 01       		.byte	0x1
 1309 0035 49       		.uleb128 0x49
 1310 0036 13       		.uleb128 0x13
 1311 0037 01       		.uleb128 0x1
 1312 0038 13       		.uleb128 0x13
 1313 0039 00       		.byte	0
 1314 003a 00       		.byte	0
 1315 003b 06       		.uleb128 0x6
 1316 003c 21       		.uleb128 0x21
 1317 003d 00       		.byte	0
 1318 003e 49       		.uleb128 0x49
 1319 003f 13       		.uleb128 0x13
 1320 0040 2F       		.uleb128 0x2f
 1321 0041 05       		.uleb128 0x5
 1322 0042 00       		.byte	0
 1323 0043 00       		.byte	0
 1324 0044 07       		.uleb128 0x7
 1325 0045 26       		.uleb128 0x26
 1326 0046 00       		.byte	0
 1327 0047 49       		.uleb128 0x49
 1328 0048 13       		.uleb128 0x13
 1329 0049 00       		.byte	0
 1330 004a 00       		.byte	0
 1331 004b 08       		.uleb128 0x8
 1332 004c 34       		.uleb128 0x34
 1333 004d 00       		.byte	0
 1334 004e 03       		.uleb128 0x3
 1335 004f 0E       		.uleb128 0xe
 1336 0050 3A       		.uleb128 0x3a
 1337 0051 0B       		.uleb128 0xb
 1338 0052 3B       		.uleb128 0x3b
 1339 0053 0B       		.uleb128 0xb
 1340 0054 49       		.uleb128 0x49
 1341 0055 13       		.uleb128 0x13
 1342 0056 3F       		.uleb128 0x3f
 1343 0057 19       		.uleb128 0x19
 1344 0058 02       		.uleb128 0x2
 1345 0059 18       		.uleb128 0x18
 1346 005a 00       		.byte	0
 1347 005b 00       		.byte	0
 1348 005c 09       		.uleb128 0x9
 1349 005d 21       		.uleb128 0x21
 1350 005e 00       		.byte	0
 1351 005f 49       		.uleb128 0x49
 1352 0060 13       		.uleb128 0x13
 1353 0061 2F       		.uleb128 0x2f
 1354 0062 0B       		.uleb128 0xb
 1355 0063 00       		.byte	0
 1356 0064 00       		.byte	0
 1357 0065 00       		.byte	0
 1358              		.section	.debug_aranges,"",%progbits
 1359 0000 14000000 		.4byte	0x14
 1360 0004 0200     		.2byte	0x2
 1361 0006 00000000 		.4byte	.Ldebug_info0
 1362 000a 04       		.byte	0x4
 1363 000b 00       		.byte	0
 1364 000c 0000     		.2byte	0
ARM GAS  C:\Users\Elijah\AppData\Local\Temp\ccQIhSaX.s 			page 25


 1365 000e 0000     		.2byte	0
 1366 0010 00000000 		.4byte	0
 1367 0014 00000000 		.4byte	0
 1368              		.section	.debug_line,"",%progbits
 1369              	.Ldebug_line0:
 1370 0000 3D010000 		.section	.debug_str,"MS",%progbits,1
 1370      02003701 
 1370      00000201 
 1370      FB0E0D00 
 1370      01010101 
 1371              	.LASF9:
 1372 0000 5F5F7569 		.ascii	"__uint8_t\000"
 1372      6E74385F 
 1372      7400
 1373              	.LASF16:
 1374 000a 63795F6D 		.ascii	"cy_metadata\000"
 1374      65746164 
 1374      61746100 
 1375              	.LASF19:
 1376 0016 433A5C55 		.ascii	"C:\\Users\\Elijah\\Documents\\Checkers-Playing-Robo"
 1376      73657273 
 1376      5C456C69 
 1376      6A61685C 
 1376      446F6375 
 1377 0045 745C4761 		.ascii	"t\\Game Piece Movement System\\Game Piece Movement "
 1377      6D652050 
 1377      69656365 
 1377      204D6F76 
 1377      656D656E 
 1378 0076 53797374 		.ascii	"System.cydsn\000"
 1378      656D2E63 
 1378      7964736E 
 1378      00
 1379              	.LASF1:
 1380 0083 756E7369 		.ascii	"unsigned char\000"
 1380      676E6564 
 1380      20636861 
 1380      7200
 1381              	.LASF17:
 1382 0091 474E5520 		.ascii	"GNU C11 5.4.1 20160609 (release) [ARM/embedded-5-br"
 1382      43313120 
 1382      352E342E 
 1382      31203230 
 1382      31363036 
 1383 00c4 616E6368 		.ascii	"anch revision 237715] -mcpu=cortex-m3 -mthumb -g -O"
 1383      20726576 
 1383      6973696F 
 1383      6E203233 
 1383      37373135 
 1384 00f7 67202D66 		.ascii	"g -ffunction-sections -ffat-lto-objects\000"
 1384      66756E63 
 1384      74696F6E 
 1384      2D736563 
 1384      74696F6E 
 1385              	.LASF5:
 1386 011f 6C6F6E67 		.ascii	"long unsigned int\000"
 1386      20756E73 
ARM GAS  C:\Users\Elijah\AppData\Local\Temp\ccQIhSaX.s 			page 26


 1386      69676E65 
 1386      6420696E 
 1386      7400
 1387              	.LASF3:
 1388 0131 73686F72 		.ascii	"short unsigned int\000"
 1388      7420756E 
 1388      7369676E 
 1388      65642069 
 1388      6E7400
 1389              	.LASF13:
 1390 0144 63795F6D 		.ascii	"cy_meta_custnvl\000"
 1390      6574615F 
 1390      63757374 
 1390      6E766C00 
 1391              	.LASF12:
 1392 0154 63795F6D 		.ascii	"cy_meta_configecc\000"
 1392      6574615F 
 1392      636F6E66 
 1392      69676563 
 1392      6300
 1393              	.LASF8:
 1394 0166 756E7369 		.ascii	"unsigned int\000"
 1394      676E6564 
 1394      20696E74 
 1394      00
 1395              	.LASF7:
 1396 0173 6C6F6E67 		.ascii	"long long unsigned int\000"
 1396      206C6F6E 
 1396      6720756E 
 1396      7369676E 
 1396      65642069 
 1397              	.LASF10:
 1398 018a 75696E74 		.ascii	"uint8_t\000"
 1398      385F7400 
 1399              	.LASF15:
 1400 0192 63795F6D 		.ascii	"cy_meta_flashprotect\000"
 1400      6574615F 
 1400      666C6173 
 1400      6870726F 
 1400      74656374 
 1401              	.LASF14:
 1402 01a7 63795F6D 		.ascii	"cy_meta_wonvl\000"
 1402      6574615F 
 1402      776F6E76 
 1402      6C00
 1403              	.LASF11:
 1404 01b5 73697A65 		.ascii	"sizetype\000"
 1404      74797065 
 1404      00
 1405              	.LASF6:
 1406 01be 6C6F6E67 		.ascii	"long long int\000"
 1406      206C6F6E 
 1406      6720696E 
 1406      7400
 1407              	.LASF2:
 1408 01cc 73686F72 		.ascii	"short int\000"
 1408      7420696E 
ARM GAS  C:\Users\Elijah\AppData\Local\Temp\ccQIhSaX.s 			page 27


 1408      7400
 1409              	.LASF4:
 1410 01d6 6C6F6E67 		.ascii	"long int\000"
 1410      20696E74 
 1410      00
 1411              	.LASF0:
 1412 01df 7369676E 		.ascii	"signed char\000"
 1412      65642063 
 1412      68617200 
 1413              	.LASF18:
 1414 01eb 47656E65 		.ascii	"Generated_Source\\PSoC5\\cymetadata.c\000"
 1414      72617465 
 1414      645F536F 
 1414      75726365 
 1414      5C50536F 
 1415              		.ident	"GCC: (GNU Tools for ARM Embedded Processors) 5.4.1 20160609 (release) [ARM/embedded-5-bran
